#
# A fatal error has been detected by the Java Runtime Environment:
#
#  EXCEPTION_ACCESS_VIOLATION (0xc0000005) at pc=0x00007ff85721bc8a, pid=7592, tid=11288
#
# JRE version: OpenJDK Runtime Environment Temurin-17.0.1+12 (17.0.1+12) (build 17.0.1+12)
# Java VM: OpenJDK 64-Bit Server VM Temurin-17.0.1+12 (17.0.1+12, mixed mode, tiered, compressed oops, compressed class ptrs, g1 gc, windows-amd64)
# Problematic frame:
# V  [jvm.dll+0x79bc8a]
#
# No core dump will be written. Minidumps are not enabled by default on client versions of Windows
#
# If you would like to submit a bug report, please visit:
#   https://github.com/adoptium/adoptium-support/issues
#

---------------  S U M M A R Y ------------

Command Line: -XX:+ShowCodeDetailsInExceptionMessages -agentlib:jdwp=transport=dt_socket,suspend=y,address=localhost:58019 -javaagent:D:\JP302\JP302_VietHoang\Setup\eclipse-jee-2021-12-R-win32-x86_64\eclipse\configuration\org.eclipse.osgi\418\0\.cp\lib\javaagent-shaded.jar -Dfile.encoding=UTF-8 util.MyArrays

Host: AMD Ryzen 5 5600U with Radeon Graphics         , 12 cores, 13G,  Windows 10 , 64 bit Build 22621 (10.0.22621.1344)
Time: Sun Mar 19 14:59:41 2023 SE Asia Standard Time elapsed time: 468.554011 seconds (0d 0h 7m 48s)

---------------  T H R E A D  ---------------

Current thread (0x00000229d0773220):  JavaThread "JDWP Transport Listener: dt_socket" daemon [_thread_in_vm, id=11288, stack(0x0000003ab9100000,0x0000003ab9200000)]

Stack: [0x0000003ab9100000,0x0000003ab9200000],  sp=0x0000003ab91ff6f0,  free space=1021k
Native frames: (J=compiled Java code, j=interpreted, Vv=VM code, C=native code)
V  [jvm.dll+0x79bc8a]
V  [jvm.dll+0x507e6c]
V  [jvm.dll+0x4cf4d4]
C  [jdwp.dll+0x22dff]


siginfo: EXCEPTION_ACCESS_VIOLATION (0xc0000005), reading address 0x000000000037001f


Register to memory mapping:

RIP=0x00007ff85721bc8a jvm.dll
RAX=0x0000000000000038 is an unknown value
RBX=0x00000229d047da22 points into unknown readable memory: 3b 4c 6a 61 76 61
RCX=0x000000000037001b is an unknown value
RDX=0x00000229d0cd40a0 points into unknown readable memory: 0x6f732f6c6974754c | 4c 75 74 69 6c 2f 73 6f
RSP=0x0000003ab91ff6f0 is pointing into the stack for thread: 0x00000229d0773220
RBP=0x00000229d06f5650 points into unknown readable memory: 0x0043005000000002 | 02 00 00 00 50 00 43 00
RSI=0x0 is NULL
RDI=0xffffffffffffffff is an unknown value
R8 =0x000000000000001a is an unknown value
R9 =0x0000000000000040 is an unknown value
R10=0x0 is NULL
R11=0x0000003ab91ff710 is pointing into the stack for thread: 0x00000229d0773220
R12=0x0000003ab91ff848 is pointing into the stack for thread: 0x00000229d0773220
R13=0x0 is NULL
R14=0x00000008000c5f70 is a pointer to class: 
util.sortByName {0x00000008000c5f78}
 - instance size:     2
 - klass size:        84
 - access:            synchronized 
 - state:             fully_initialized
 - name:              'util/sortByName'
 - super:             'java/lang/Object'
 - sub:               
 - arrays:            NULL
 - methods:           Array<T>(0x00000229d1845f48)
 - method ordering:   Array<T>(0x00000229d1845f28)
 - default_methods:   Array<T>(0x00000229d1845a98)
 - default vtable indices:   Array<T>(0x00000229d1845ad8)
 - local interfaces:  Array<T>(0x00000229d1845678)
 - trans. interfaces: Array<T>(0x00000229d1845678)
 - constants:         constant pool [65] {0x00000229d184bca0} for 'util/sortByName' cache=0x00000229d1837ed0
 - class loader data:  loader data: 0x00000229d05418a0 for instance a 'jdk/internal/loader/ClassLoaders$AppClassLoader'{0x00000007300571d8}
 - source file:       'MyArrays.java'
 - source debug extension:       SMAP
MyArrays.java
Java
*S jdt
*F
1 MyArrays.java
2 file:/D:/JP302/JP302_VietHoang/Bulit_2023/jsesystem/build/classes/
*L
*E

 - class annotations:       Array<T>(0x0000000000000000)
 - class type annotations:  Array<T>(0x0000000000000000)
 - field annotations:       Array<T>(0x0000000000000000)
 - field type annotations:  Array<T>(0x0000000000000000)
 - generic signature: '
[error occurred during error reporting (printing register info), id 0xc0000005, EXCEPTION_ACCESS_VIOLATION (0xc0000005) at pc=0x00007ff85721c896]

Registers:
RAX=0x0000000000000038, RBX=0x00000229d047da22, RCX=0x000000000037001b, RDX=0x00000229d0cd40a0
RSP=0x0000003ab91ff6f0, RBP=0x00000229d06f5650, RSI=0x0000000000000000, RDI=0xffffffffffffffff
R8 =0x000000000000001a, R9 =0x0000000000000040, R10=0x0000000000000000, R11=0x0000003ab91ff710
R12=0x0000003ab91ff848, R13=0x0000000000000000, R14=0x00000008000c5f70, R15=0x0000003ab91ff898
RIP=0x00007ff85721bc8a, EFLAGS=0x0000000000010206

Top of Stack: (sp=0x0000003ab91ff6f0)
0x0000003ab91ff6f0:   000000000000000f 00000008000c5f70
0x0000003ab91ff700:   00000229d0773220 0000000000000000
0x0000003ab91ff710:   ffffffffffffffff 00007ff856f87e6c
0x0000003ab91ff720:   00000229d047da22 00000229d047da10
0x0000003ab91ff730:   00000229d06f5650 00000229d0f75150
0x0000003ab91ff740:   00000229d047d9f0 00000000000003d8
0x0000003ab91ff750:   00000229d047da00 00000229d047ddd8
0x0000003ab91ff760:   0000000000000002 0000003ab91ff848
0x0000003ab91ff770:   0000000000000000 0000000000000000
0x0000003ab91ff780:   000000072fdb6b78 00007ff856f4f4d4
0x0000003ab91ff790:   00000229d0773220 0000003ab91ff898
0x0000003ab91ff7a0:   00000229b1f7f200 0000003ab91ff898
0x0000003ab91ff7b0:   00000229d0773220 0000000000000000
0x0000003ab91ff7c0:   0000022900000000 0000000000000000
0x0000003ab91ff7d0:   000000000000000d 00007ff881882dff
0x0000003ab91ff7e0:   0000003ab91ff890 00007ff881891aa0 

Instructions: (pc=0x00007ff85721bc8a)
0x00007ff85721bb8a:   48 83 c4 20 5f e9 3c a2 90 ff cc cc cc cc cc cc
0x00007ff85721bb9a:   cc cc cc cc cc cc 48 89 5c 24 08 57 48 83 ec 20
0x00007ff85721bbaa:   83 fa 02 8d 42 06 b9 08 00 00 00 49 8b d8 0f 4e
0x00007ff85721bbba:   c1 48 63 c8 48 83 c1 07 83 e1 f8 48 63 f9 49 8b
0x00007ff85721bbca:   48 18 48 8b c7 48 f7 d0 48 3b c1 73 16 4c 8d 05
0x00007ff85721bbda:   5a 55 17 00 48 8b d7 48 8b cb e8 47 05 91 ff 48
0x00007ff85721bbea:   8b 4b 18 48 8d 04 39 48 3b 43 20 76 18 45 33 c0
0x00007ff85721bbfa:   48 8b d7 48 8b cb 48 8b 5c 24 30 48 83 c4 20 5f
0x00007ff85721bc0a:   e9 a1 01 91 ff 48 89 43 18 48 8b c1 48 8b 5c 24
0x00007ff85721bc1a:   30 48 83 c4 20 5f c3 cc cc cc cc cc cc cc cc cc
0x00007ff85721bc2a:   cc cc cc cc cc cc 4c 8b d2 4c 8b d9 45 85 c0 7e
0x00007ff85721bc3a:   3c 44 0f b7 49 04 41 8d 40 ff 41 3b c1 44 0f 4c
0x00007ff85721bc4a:   c8 4d 63 c1 45 85 c9 7e 1f 48 8b c2 4c 2b da 49
0x00007ff85721bc5a:   8b d0 0f 1f 40 00 41 0f b6 4c 03 06 88 08 48 8d
0x00007ff85721bc6a:   40 01 48 83 ea 01 75 ee 43 c6 04 10 00 49 8b c2
0x00007ff85721bc7a:   c3 cc cc cc cc cc 48 89 5c 24 08 57 48 83 ec 20
0x00007ff85721bc8a:   0f b7 59 04 48 8b f9 33 d2 48 8d 4b 01 e8 24 e8
0x00007ff85721bc9a:   f2 ff 0f b7 57 04 4c 8b c0 3b da 0f 42 d3 44 8b
0x00007ff85721bcaa:   ca 85 d2 74 39 48 2b f8 0f 1f 40 00 66 66 0f 1f
0x00007ff85721bcba:   84 00 00 00 00 00 0f b6 4c 07 06 88 08 48 ff c0
0x00007ff85721bcca:   48 8b c8 49 2b c8 49 3b c9 7c eb 42 c6 04 02 00
0x00007ff85721bcda:   49 8b c0 48 8b 5c 24 30 48 83 c4 20 5f c3 48 8b
0x00007ff85721bcea:   5c 24 30 c6 04 02 00 48 83 c4 20 5f c3 cc cc cc
0x00007ff85721bcfa:   cc cc cc cc cc cc 4c 8b d1 45 85 c0 7e 6c 44 0f
0x00007ff85721bd0a:   b7 49 04 41 8d 40 ff 41 3b c1 44 0f 4c c8 4d 63
0x00007ff85721bd1a:   d9 45 85 c9 7e 22 48 8b ca 4c 2b d2 4d 8b c3 0f
0x00007ff85721bd2a:   1f 80 00 00 00 00 41 0f b6 44 0a 06 88 01 48 8d
0x00007ff85721bd3a:   49 01 49 83 e8 01 75 ee 41 c6 04 13 00 48 c7 c0
0x00007ff85721bd4a:   ff ff ff ff 66 90 48 ff c0 80 3c 02 00 75 f7 48
0x00007ff85721bd5a:   63 c8 85 c0 48 8b c2 7e 14 80 38 2f 75 03 c6 00
0x00007ff85721bd6a:   2e 48 ff c0 48 83 e9 01 75 ef 48 8b c2 c3 cc cc
0x00007ff85721bd7a:   cc cc cc cc cc cc 48 83 ec 28 e8 f7 fe ff ff 4c 


Stack slot to memory mapping:
stack at sp + 0 slots: 0x000000000000000f is an unknown value
stack at sp + 1 slots: 0x00000008000c5f70 is a pointer to class: 
util.sortByName {0x00000008000c5f78}
 - instance size:     2
 - klass size:        84
 - access:            synchronized 
 - state:             fully_initialized
 - name:              'util/sortByName'
 - super:             'java/lang/Object'
 - sub:               
 - arrays:            NULL
 - methods:           Array<T>(0x00000229d1845f48)
 - method ordering:   Array<T>(0x00000229d1845f28)
 - default_methods:   Array<T>(0x00000229d1845a98)
 - default vtable indices:   Array<T>(0x00000229d1845ad8)
 - local interfaces:  Array<T>(0x00000229d1845678)
 - trans. interfaces: Array<T>(0x00000229d1845678)
 - constants:         constant pool [65] {0x00000229d184bca0} for 'util/sortByName' cache=0x00000229d1837ed0
 - class loader data:  loader data: 0x00000229d05418a0 for instance a 'jdk/internal/loader/ClassLoaders$AppClassLoader'{0x00000007300571d8}
 - source file:       'MyArrays.java'
 - source debug extension:       SMAP
MyArrays.java
Java
*S jdt
*F
1 MyArrays.java
2 file:/D:/JP302/JP302_VietHoang/Bulit_2023/jsesystem/build/classes/
*L
*E

 - class annotations:       Array<T>(0x0000000000000000)
 - class type annotations:  Array<T>(0x0000000000000000)
 - field annotations:       Array<T>(0x0000000000000000)
 - field type annotations:  Array<T>(0x0000000000000000)
 - generic signature: '
[error occurred during error reporting (inspecting top of stack), id 0xc0000005, EXCEPTION_ACCESS_VIOLATION (0xc0000005) at pc=0x00007ff85721c896]


---------------  P R O C E S S  ---------------

Threads class SMR info:
_java_thread_list=0x00000229d0f74d00, length=15, elements={
0x00000229b1f913e0, 0x00000229d040d080, 0x00000229d040db40, 0x00000229d0426750,
0x00000229d046f020, 0x00000229d046f8e0, 0x00000229d04701a0, 0x00000229d047c350,
0x00000229d047cd00, 0x00000229d047dde0, 0x00000229d05ffb50, 0x00000229d0773220,
0x00000229d079fc30, 0x00000229d07a08b0, 0x00000229d0c4af70
}

Java Threads: ( => current thread )
  0x00000229b1f913e0 JavaThread "main" [_thread_blocked, id=18460, stack(0x0000003ab8000000,0x0000003ab8100000)]
  0x00000229d040d080 JavaThread "Reference Handler" daemon [_thread_blocked, id=6720, stack(0x0000003ab8700000,0x0000003ab8800000)]
  0x00000229d040db40 JavaThread "Finalizer" daemon [_thread_blocked, id=7360, stack(0x0000003ab8800000,0x0000003ab8900000)]
  0x00000229d0426750 JavaThread "Signal Dispatcher" daemon [_thread_blocked, id=3352, stack(0x0000003ab8900000,0x0000003ab8a00000)]
  0x00000229d046f020 JavaThread "Attach Listener" daemon [_thread_blocked, id=16540, stack(0x0000003ab8a00000,0x0000003ab8b00000)]
  0x00000229d046f8e0 JavaThread "Service Thread" daemon [_thread_blocked, id=10236, stack(0x0000003ab8b00000,0x0000003ab8c00000)]
  0x00000229d04701a0 JavaThread "Monitor Deflation Thread" daemon [_thread_blocked, id=11304, stack(0x0000003ab8c00000,0x0000003ab8d00000)]
  0x00000229d047c350 JavaThread "C2 CompilerThread0" daemon [_thread_blocked, id=8624, stack(0x0000003ab8d00000,0x0000003ab8e00000)]
  0x00000229d047cd00 JavaThread "C1 CompilerThread0" daemon [_thread_blocked, id=2100, stack(0x0000003ab8e00000,0x0000003ab8f00000)]
  0x00000229d047dde0 JavaThread "Sweeper thread" daemon [_thread_blocked, id=14688, stack(0x0000003ab8f00000,0x0000003ab9000000)]
  0x00000229d05ffb50 JavaThread "Common-Cleaner" daemon [_thread_blocked, id=9124, stack(0x0000003ab9000000,0x0000003ab9100000)]
=>0x00000229d0773220 JavaThread "JDWP Transport Listener: dt_socket" daemon [_thread_in_vm, id=11288, stack(0x0000003ab9100000,0x0000003ab9200000)]
  0x00000229d079fc30 JavaThread "JDWP Event Helper Thread" daemon [_thread_blocked, id=4364, stack(0x0000003ab9200000,0x0000003ab9300000)]
  0x00000229d07a08b0 JavaThread "JDWP Command Reader" daemon [_thread_in_native, id=14992, stack(0x0000003ab9300000,0x0000003ab9400000)]
  0x00000229d0c4af70 JavaThread "Notification Thread" daemon [_thread_blocked, id=8696, stack(0x0000003ab9400000,0x0000003ab9500000)]

Other Threads:
  0x00000229d04086b0 VMThread "VM Thread" [stack: 0x0000003ab8600000,0x0000003ab8700000] [id=17752]
  0x00000229d0ce4910 WatcherThread [stack: 0x0000003ab9500000,0x0000003ab9600000] [id=10828]
  0x00000229b1fdc780 GCTaskThread "GC Thread#0" [stack: 0x0000003ab8100000,0x0000003ab8200000] [id=8000]
  0x00000229b1febd80 ConcurrentGCThread "G1 Main Marker" [stack: 0x0000003ab8200000,0x0000003ab8300000] [id=8856]
  0x00000229b1fec790 ConcurrentGCThread "G1 Conc#0" [stack: 0x0000003ab8300000,0x0000003ab8400000] [id=15900]
  0x00000229cfa564f0 ConcurrentGCThread "G1 Refine#0" [stack: 0x0000003ab8400000,0x0000003ab8500000] [id=15336]
  0x00000229b205d080 ConcurrentGCThread "G1 Service" [stack: 0x0000003ab8500000,0x0000003ab8600000] [id=12760]

Threads with active compile tasks:

VM state: not at safepoint (normal execution)

VM Mutex/Monitor currently owned by a thread: None

Heap address: 0x0000000722400000, size: 3548 MB, Compressed Oops mode: Zero based, Oop shift amount: 3

CDS archive(s) not mapped
Compressed class space mapped at: 0x0000000800000000-0x0000000840000000, reserved size: 1073741824
Narrow klass base: 0x0000000800000000, Narrow klass shift: 0, Narrow klass range: 0x40000000

GC Precious Log:
 CPUs: 12 total, 12 available
 Memory: 14188M
 Large Page Support: Disabled
 NUMA Support: Disabled
 Compressed Oops: Enabled (Zero based)
 Heap Region Size: 2M
 Heap Min Capacity: 8M
 Heap Initial Capacity: 222M
 Heap Max Capacity: 3548M
 Pre-touch: Disabled
 Parallel Workers: 10
 Concurrent Workers: 3
 Concurrent Refinement Workers: 10
 Periodic GC: Disabled

Heap:
 garbage-first heap   total 227328K, used 4096K [0x0000000722400000, 0x0000000800000000)
  region size 2048K, 4 young (8192K), 0 survivors (0K)
 Metaspace       used 9441K, committed 9536K, reserved 1064960K
  class space    used 816K, committed 896K, reserved 1048576K

Heap Regions: E=young(eden), S=young(survivor), O=old, HS=humongous(starts), HC=humongous(continues), CS=collection set, F=free, OA=open archive, CA=closed archive, TAMS=top-at-mark-start (previous, next)
|   0|0x0000000722400000, 0x0000000722400000, 0x0000000722600000|  0%| F|  |TAMS 0x0000000722400000, 0x0000000722400000| Untracked 
|   1|0x0000000722600000, 0x0000000722600000, 0x0000000722800000|  0%| F|  |TAMS 0x0000000722600000, 0x0000000722600000| Untracked 
|   2|0x0000000722800000, 0x0000000722800000, 0x0000000722a00000|  0%| F|  |TAMS 0x0000000722800000, 0x0000000722800000| Untracked 
|   3|0x0000000722a00000, 0x0000000722a00000, 0x0000000722c00000|  0%| F|  |TAMS 0x0000000722a00000, 0x0000000722a00000| Untracked 
|   4|0x0000000722c00000, 0x0000000722c00000, 0x0000000722e00000|  0%| F|  |TAMS 0x0000000722c00000, 0x0000000722c00000| Untracked 
|   5|0x0000000722e00000, 0x0000000722e00000, 0x0000000723000000|  0%| F|  |TAMS 0x0000000722e00000, 0x0000000722e00000| Untracked 
|   6|0x0000000723000000, 0x0000000723000000, 0x0000000723200000|  0%| F|  |TAMS 0x0000000723000000, 0x0000000723000000| Untracked 
|   7|0x0000000723200000, 0x0000000723200000, 0x0000000723400000|  0%| F|  |TAMS 0x0000000723200000, 0x0000000723200000| Untracked 
|   8|0x0000000723400000, 0x0000000723400000, 0x0000000723600000|  0%| F|  |TAMS 0x0000000723400000, 0x0000000723400000| Untracked 
|   9|0x0000000723600000, 0x0000000723600000, 0x0000000723800000|  0%| F|  |TAMS 0x0000000723600000, 0x0000000723600000| Untracked 
|  10|0x0000000723800000, 0x0000000723800000, 0x0000000723a00000|  0%| F|  |TAMS 0x0000000723800000, 0x0000000723800000| Untracked 
|  11|0x0000000723a00000, 0x0000000723a00000, 0x0000000723c00000|  0%| F|  |TAMS 0x0000000723a00000, 0x0000000723a00000| Untracked 
|  12|0x0000000723c00000, 0x0000000723c00000, 0x0000000723e00000|  0%| F|  |TAMS 0x0000000723c00000, 0x0000000723c00000| Untracked 
|  13|0x0000000723e00000, 0x0000000723e00000, 0x0000000724000000|  0%| F|  |TAMS 0x0000000723e00000, 0x0000000723e00000| Untracked 
|  14|0x0000000724000000, 0x0000000724000000, 0x0000000724200000|  0%| F|  |TAMS 0x0000000724000000, 0x0000000724000000| Untracked 
|  15|0x0000000724200000, 0x0000000724200000, 0x0000000724400000|  0%| F|  |TAMS 0x0000000724200000, 0x0000000724200000| Untracked 
|  16|0x0000000724400000, 0x0000000724400000, 0x0000000724600000|  0%| F|  |TAMS 0x0000000724400000, 0x0000000724400000| Untracked 
|  17|0x0000000724600000, 0x0000000724600000, 0x0000000724800000|  0%| F|  |TAMS 0x0000000724600000, 0x0000000724600000| Untracked 
|  18|0x0000000724800000, 0x0000000724800000, 0x0000000724a00000|  0%| F|  |TAMS 0x0000000724800000, 0x0000000724800000| Untracked 
|  19|0x0000000724a00000, 0x0000000724a00000, 0x0000000724c00000|  0%| F|  |TAMS 0x0000000724a00000, 0x0000000724a00000| Untracked 
|  20|0x0000000724c00000, 0x0000000724c00000, 0x0000000724e00000|  0%| F|  |TAMS 0x0000000724c00000, 0x0000000724c00000| Untracked 
|  21|0x0000000724e00000, 0x0000000724e00000, 0x0000000725000000|  0%| F|  |TAMS 0x0000000724e00000, 0x0000000724e00000| Untracked 
|  22|0x0000000725000000, 0x0000000725000000, 0x0000000725200000|  0%| F|  |TAMS 0x0000000725000000, 0x0000000725000000| Untracked 
|  23|0x0000000725200000, 0x0000000725200000, 0x0000000725400000|  0%| F|  |TAMS 0x0000000725200000, 0x0000000725200000| Untracked 
|  24|0x0000000725400000, 0x0000000725400000, 0x0000000725600000|  0%| F|  |TAMS 0x0000000725400000, 0x0000000725400000| Untracked 
|  25|0x0000000725600000, 0x0000000725600000, 0x0000000725800000|  0%| F|  |TAMS 0x0000000725600000, 0x0000000725600000| Untracked 
|  26|0x0000000725800000, 0x0000000725800000, 0x0000000725a00000|  0%| F|  |TAMS 0x0000000725800000, 0x0000000725800000| Untracked 
|  27|0x0000000725a00000, 0x0000000725a00000, 0x0000000725c00000|  0%| F|  |TAMS 0x0000000725a00000, 0x0000000725a00000| Untracked 
|  28|0x0000000725c00000, 0x0000000725c00000, 0x0000000725e00000|  0%| F|  |TAMS 0x0000000725c00000, 0x0000000725c00000| Untracked 
|  29|0x0000000725e00000, 0x0000000725e00000, 0x0000000726000000|  0%| F|  |TAMS 0x0000000725e00000, 0x0000000725e00000| Untracked 
|  30|0x0000000726000000, 0x0000000726000000, 0x0000000726200000|  0%| F|  |TAMS 0x0000000726000000, 0x0000000726000000| Untracked 
|  31|0x0000000726200000, 0x0000000726200000, 0x0000000726400000|  0%| F|  |TAMS 0x0000000726200000, 0x0000000726200000| Untracked 
|  32|0x0000000726400000, 0x0000000726400000, 0x0000000726600000|  0%| F|  |TAMS 0x0000000726400000, 0x0000000726400000| Untracked 
|  33|0x0000000726600000, 0x0000000726600000, 0x0000000726800000|  0%| F|  |TAMS 0x0000000726600000, 0x0000000726600000| Untracked 
|  34|0x0000000726800000, 0x0000000726800000, 0x0000000726a00000|  0%| F|  |TAMS 0x0000000726800000, 0x0000000726800000| Untracked 
|  35|0x0000000726a00000, 0x0000000726a00000, 0x0000000726c00000|  0%| F|  |TAMS 0x0000000726a00000, 0x0000000726a00000| Untracked 
|  36|0x0000000726c00000, 0x0000000726c00000, 0x0000000726e00000|  0%| F|  |TAMS 0x0000000726c00000, 0x0000000726c00000| Untracked 
|  37|0x0000000726e00000, 0x0000000726e00000, 0x0000000727000000|  0%| F|  |TAMS 0x0000000726e00000, 0x0000000726e00000| Untracked 
|  38|0x0000000727000000, 0x0000000727000000, 0x0000000727200000|  0%| F|  |TAMS 0x0000000727000000, 0x0000000727000000| Untracked 
|  39|0x0000000727200000, 0x0000000727200000, 0x0000000727400000|  0%| F|  |TAMS 0x0000000727200000, 0x0000000727200000| Untracked 
|  40|0x0000000727400000, 0x0000000727400000, 0x0000000727600000|  0%| F|  |TAMS 0x0000000727400000, 0x0000000727400000| Untracked 
|  41|0x0000000727600000, 0x0000000727600000, 0x0000000727800000|  0%| F|  |TAMS 0x0000000727600000, 0x0000000727600000| Untracked 
|  42|0x0000000727800000, 0x0000000727800000, 0x0000000727a00000|  0%| F|  |TAMS 0x0000000727800000, 0x0000000727800000| Untracked 
|  43|0x0000000727a00000, 0x0000000727a00000, 0x0000000727c00000|  0%| F|  |TAMS 0x0000000727a00000, 0x0000000727a00000| Untracked 
|  44|0x0000000727c00000, 0x0000000727c00000, 0x0000000727e00000|  0%| F|  |TAMS 0x0000000727c00000, 0x0000000727c00000| Untracked 
|  45|0x0000000727e00000, 0x0000000727e00000, 0x0000000728000000|  0%| F|  |TAMS 0x0000000727e00000, 0x0000000727e00000| Untracked 
|  46|0x0000000728000000, 0x0000000728000000, 0x0000000728200000|  0%| F|  |TAMS 0x0000000728000000, 0x0000000728000000| Untracked 
|  47|0x0000000728200000, 0x0000000728200000, 0x0000000728400000|  0%| F|  |TAMS 0x0000000728200000, 0x0000000728200000| Untracked 
|  48|0x0000000728400000, 0x0000000728400000, 0x0000000728600000|  0%| F|  |TAMS 0x0000000728400000, 0x0000000728400000| Untracked 
|  49|0x0000000728600000, 0x0000000728600000, 0x0000000728800000|  0%| F|  |TAMS 0x0000000728600000, 0x0000000728600000| Untracked 
|  50|0x0000000728800000, 0x0000000728800000, 0x0000000728a00000|  0%| F|  |TAMS 0x0000000728800000, 0x0000000728800000| Untracked 
|  51|0x0000000728a00000, 0x0000000728a00000, 0x0000000728c00000|  0%| F|  |TAMS 0x0000000728a00000, 0x0000000728a00000| Untracked 
|  52|0x0000000728c00000, 0x0000000728c00000, 0x0000000728e00000|  0%| F|  |TAMS 0x0000000728c00000, 0x0000000728c00000| Untracked 
|  53|0x0000000728e00000, 0x0000000728e00000, 0x0000000729000000|  0%| F|  |TAMS 0x0000000728e00000, 0x0000000728e00000| Untracked 
|  54|0x0000000729000000, 0x0000000729000000, 0x0000000729200000|  0%| F|  |TAMS 0x0000000729000000, 0x0000000729000000| Untracked 
|  55|0x0000000729200000, 0x0000000729200000, 0x0000000729400000|  0%| F|  |TAMS 0x0000000729200000, 0x0000000729200000| Untracked 
|  56|0x0000000729400000, 0x0000000729400000, 0x0000000729600000|  0%| F|  |TAMS 0x0000000729400000, 0x0000000729400000| Untracked 
|  57|0x0000000729600000, 0x0000000729600000, 0x0000000729800000|  0%| F|  |TAMS 0x0000000729600000, 0x0000000729600000| Untracked 
|  58|0x0000000729800000, 0x0000000729800000, 0x0000000729a00000|  0%| F|  |TAMS 0x0000000729800000, 0x0000000729800000| Untracked 
|  59|0x0000000729a00000, 0x0000000729a00000, 0x0000000729c00000|  0%| F|  |TAMS 0x0000000729a00000, 0x0000000729a00000| Untracked 
|  60|0x0000000729c00000, 0x0000000729c00000, 0x0000000729e00000|  0%| F|  |TAMS 0x0000000729c00000, 0x0000000729c00000| Untracked 
|  61|0x0000000729e00000, 0x0000000729e00000, 0x000000072a000000|  0%| F|  |TAMS 0x0000000729e00000, 0x0000000729e00000| Untracked 
|  62|0x000000072a000000, 0x000000072a000000, 0x000000072a200000|  0%| F|  |TAMS 0x000000072a000000, 0x000000072a000000| Untracked 
|  63|0x000000072a200000, 0x000000072a200000, 0x000000072a400000|  0%| F|  |TAMS 0x000000072a200000, 0x000000072a200000| Untracked 
|  64|0x000000072a400000, 0x000000072a400000, 0x000000072a600000|  0%| F|  |TAMS 0x000000072a400000, 0x000000072a400000| Untracked 
|  65|0x000000072a600000, 0x000000072a600000, 0x000000072a800000|  0%| F|  |TAMS 0x000000072a600000, 0x000000072a600000| Untracked 
|  66|0x000000072a800000, 0x000000072a800000, 0x000000072aa00000|  0%| F|  |TAMS 0x000000072a800000, 0x000000072a800000| Untracked 
|  67|0x000000072aa00000, 0x000000072aa00000, 0x000000072ac00000|  0%| F|  |TAMS 0x000000072aa00000, 0x000000072aa00000| Untracked 
|  68|0x000000072ac00000, 0x000000072ac00000, 0x000000072ae00000|  0%| F|  |TAMS 0x000000072ac00000, 0x000000072ac00000| Untracked 
|  69|0x000000072ae00000, 0x000000072ae00000, 0x000000072b000000|  0%| F|  |TAMS 0x000000072ae00000, 0x000000072ae00000| Untracked 
|  70|0x000000072b000000, 0x000000072b000000, 0x000000072b200000|  0%| F|  |TAMS 0x000000072b000000, 0x000000072b000000| Untracked 
|  71|0x000000072b200000, 0x000000072b200000, 0x000000072b400000|  0%| F|  |TAMS 0x000000072b200000, 0x000000072b200000| Untracked 
|  72|0x000000072b400000, 0x000000072b400000, 0x000000072b600000|  0%| F|  |TAMS 0x000000072b400000, 0x000000072b400000| Untracked 
|  73|0x000000072b600000, 0x000000072b600000, 0x000000072b800000|  0%| F|  |TAMS 0x000000072b600000, 0x000000072b600000| Untracked 
|  74|0x000000072b800000, 0x000000072b800000, 0x000000072ba00000|  0%| F|  |TAMS 0x000000072b800000, 0x000000072b800000| Untracked 
|  75|0x000000072ba00000, 0x000000072ba00000, 0x000000072bc00000|  0%| F|  |TAMS 0x000000072ba00000, 0x000000072ba00000| Untracked 
|  76|0x000000072bc00000, 0x000000072bc00000, 0x000000072be00000|  0%| F|  |TAMS 0x000000072bc00000, 0x000000072bc00000| Untracked 
|  77|0x000000072be00000, 0x000000072be00000, 0x000000072c000000|  0%| F|  |TAMS 0x000000072be00000, 0x000000072be00000| Untracked 
|  78|0x000000072c000000, 0x000000072c000000, 0x000000072c200000|  0%| F|  |TAMS 0x000000072c000000, 0x000000072c000000| Untracked 
|  79|0x000000072c200000, 0x000000072c200000, 0x000000072c400000|  0%| F|  |TAMS 0x000000072c200000, 0x000000072c200000| Untracked 
|  80|0x000000072c400000, 0x000000072c400000, 0x000000072c600000|  0%| F|  |TAMS 0x000000072c400000, 0x000000072c400000| Untracked 
|  81|0x000000072c600000, 0x000000072c600000, 0x000000072c800000|  0%| F|  |TAMS 0x000000072c600000, 0x000000072c600000| Untracked 
|  82|0x000000072c800000, 0x000000072c800000, 0x000000072ca00000|  0%| F|  |TAMS 0x000000072c800000, 0x000000072c800000| Untracked 
|  83|0x000000072ca00000, 0x000000072ca00000, 0x000000072cc00000|  0%| F|  |TAMS 0x000000072ca00000, 0x000000072ca00000| Untracked 
|  84|0x000000072cc00000, 0x000000072cc00000, 0x000000072ce00000|  0%| F|  |TAMS 0x000000072cc00000, 0x000000072cc00000| Untracked 
|  85|0x000000072ce00000, 0x000000072ce00000, 0x000000072d000000|  0%| F|  |TAMS 0x000000072ce00000, 0x000000072ce00000| Untracked 
|  86|0x000000072d000000, 0x000000072d000000, 0x000000072d200000|  0%| F|  |TAMS 0x000000072d000000, 0x000000072d000000| Untracked 
|  87|0x000000072d200000, 0x000000072d200000, 0x000000072d400000|  0%| F|  |TAMS 0x000000072d200000, 0x000000072d200000| Untracked 
|  88|0x000000072d400000, 0x000000072d400000, 0x000000072d600000|  0%| F|  |TAMS 0x000000072d400000, 0x000000072d400000| Untracked 
|  89|0x000000072d600000, 0x000000072d600000, 0x000000072d800000|  0%| F|  |TAMS 0x000000072d600000, 0x000000072d600000| Untracked 
|  90|0x000000072d800000, 0x000000072d800000, 0x000000072da00000|  0%| F|  |TAMS 0x000000072d800000, 0x000000072d800000| Untracked 
|  91|0x000000072da00000, 0x000000072da00000, 0x000000072dc00000|  0%| F|  |TAMS 0x000000072da00000, 0x000000072da00000| Untracked 
|  92|0x000000072dc00000, 0x000000072dc00000, 0x000000072de00000|  0%| F|  |TAMS 0x000000072dc00000, 0x000000072dc00000| Untracked 
|  93|0x000000072de00000, 0x000000072de00000, 0x000000072e000000|  0%| F|  |TAMS 0x000000072de00000, 0x000000072de00000| Untracked 
|  94|0x000000072e000000, 0x000000072e000000, 0x000000072e200000|  0%| F|  |TAMS 0x000000072e000000, 0x000000072e000000| Untracked 
|  95|0x000000072e200000, 0x000000072e200000, 0x000000072e400000|  0%| F|  |TAMS 0x000000072e200000, 0x000000072e200000| Untracked 
|  96|0x000000072e400000, 0x000000072e400000, 0x000000072e600000|  0%| F|  |TAMS 0x000000072e400000, 0x000000072e400000| Untracked 
|  97|0x000000072e600000, 0x000000072e600000, 0x000000072e800000|  0%| F|  |TAMS 0x000000072e600000, 0x000000072e600000| Untracked 
|  98|0x000000072e800000, 0x000000072e800000, 0x000000072ea00000|  0%| F|  |TAMS 0x000000072e800000, 0x000000072e800000| Untracked 
|  99|0x000000072ea00000, 0x000000072ea00000, 0x000000072ec00000|  0%| F|  |TAMS 0x000000072ea00000, 0x000000072ea00000| Untracked 
| 100|0x000000072ec00000, 0x000000072ec00000, 0x000000072ee00000|  0%| F|  |TAMS 0x000000072ec00000, 0x000000072ec00000| Untracked 
| 101|0x000000072ee00000, 0x000000072ee00000, 0x000000072f000000|  0%| F|  |TAMS 0x000000072ee00000, 0x000000072ee00000| Untracked 
| 102|0x000000072f000000, 0x000000072f000000, 0x000000072f200000|  0%| F|  |TAMS 0x000000072f000000, 0x000000072f000000| Untracked 
| 103|0x000000072f200000, 0x000000072f200000, 0x000000072f400000|  0%| F|  |TAMS 0x000000072f200000, 0x000000072f200000| Untracked 
| 104|0x000000072f400000, 0x000000072f400000, 0x000000072f600000|  0%| F|  |TAMS 0x000000072f400000, 0x000000072f400000| Untracked 
| 105|0x000000072f600000, 0x000000072f600000, 0x000000072f800000|  0%| F|  |TAMS 0x000000072f600000, 0x000000072f600000| Untracked 
| 106|0x000000072f800000, 0x000000072f800000, 0x000000072fa00000|  0%| F|  |TAMS 0x000000072f800000, 0x000000072f800000| Untracked 
| 107|0x000000072fa00000, 0x000000072fa725f8, 0x000000072fc00000| 22%| E|  |TAMS 0x000000072fa00000, 0x000000072fa00000| Complete 
| 108|0x000000072fc00000, 0x000000072fe00000, 0x000000072fe00000|100%| E|  |TAMS 0x000000072fc00000, 0x000000072fc00000| Complete 
| 109|0x000000072fe00000, 0x0000000730000000, 0x0000000730000000|100%| E|CS|TAMS 0x000000072fe00000, 0x000000072fe00000| Complete 
| 110|0x0000000730000000, 0x0000000730200000, 0x0000000730200000|100%| E|CS|TAMS 0x0000000730000000, 0x0000000730000000| Complete 

Card table byte_map: [0x00000229c5270000,0x00000229c5960000] _byte_map_base: 0x00000229c195e000

Marking Bits (Prev, Next): (CMBitMap*) 0x00000229b1fdcd90, (CMBitMap*) 0x00000229b1fdcdd0
 Prev Bits: [0x00000229c6050000, 0x00000229c97c0000)
 Next Bits: [0x00000229c97c0000, 0x00000229ccf30000)

Polling page: 0x00000229afef0000

Metaspace:

Usage:
  Non-class:      8.42 MB used.
      Class:    816.66 KB used.
       Both:      9.22 MB used.

Virtual space:
  Non-class space:       16.00 MB reserved,       8.44 MB ( 53%) committed,  2 nodes.
      Class space:        1.00 GB reserved,     896.00 KB ( <1%) committed,  1 nodes.
             Both:        1.02 GB reserved,       9.31 MB ( <1%) committed. 

Chunk freelists:
   Non-Class:  2.69 MB
       Class:  3.09 MB
        Both:  5.78 MB

MaxMetaspaceSize: unlimited
CompressedClassSpaceSize: 1.00 GB
Initial GC threshold: 21.00 MB
Current GC threshold: 21.00 MB
CDS: off
MetaspaceReclaimPolicy: balanced
 - commit_granule_bytes: 65536.
 - commit_granule_words: 8192.
 - virtual_space_node_default_size: 1048576.
 - enlarge_chunks_in_place: 1.
 - new_chunks_are_fully_committed: 0.
 - uncommit_free_chunks: 1.
 - use_allocation_guard: 0.
 - handle_deallocations: 1.


Internal statistics:

num_allocs_failed_limit: 0.
num_arena_births: 8.
num_arena_deaths: 0.
num_vsnodes_births: 3.
num_vsnodes_deaths: 0.
num_space_committed: 149.
num_space_uncommitted: 0.
num_chunks_returned_to_freelist: 0.
num_chunks_taken_from_freelist: 49.
num_chunk_merges: 0.
num_chunk_splits: 21.
num_chunks_enlarged: 16.
num_purges: 0.
num_inconsistent_stats: 0.

CodeHeap 'non-profiled nmethods': size=120000Kb used=130Kb max_used=130Kb free=119870Kb
 bounds [0x00000229bd100000, 0x00000229bd370000, 0x00000229c4630000]
CodeHeap 'profiled nmethods': size=120000Kb used=613Kb max_used=613Kb free=119386Kb
 bounds [0x00000229b5bd0000, 0x00000229b5e40000, 0x00000229bd100000]
CodeHeap 'non-nmethods': size=5760Kb used=1199Kb max_used=1217Kb free=4560Kb
 bounds [0x00000229b5630000, 0x00000229b58a0000, 0x00000229b5bd0000]
 total_blobs=831 nmethods=416 adapters=328
 compilation: enabled
              stopped_count=0, restarted_count=0
 full_count=0

Compilation events (20 events):
Event: 361.523 Thread 0x00000229d047cd00  416       3       org.eclipse.jdt.launching.internal.org.objectweb.asm.SymbolTable::get (13 bytes)
Event: 361.524 Thread 0x00000229d047cd00 

Event: 361.524 Thread 0x00000229d047cd00  415       3       org.eclipse.jdt.launching.internal.org.objectweb.asm.ClassReader::readStringish (16 bytes)
Event: 361.524 Thread 0x00000229d047cd00 nmethod 415 0x00000229b5c67790 code [0x00000229b5c67960, 0x00000229b5c67c68]
Event: 368.300 Thread 0x00000229d047cd00  417       3       org.eclipse.jdt.launching.internal.org.objectweb.asm.SymbolTable::addConstantUtf8 (98 bytes)
Event: 368.300 Thread 0x00000229d047c350  420       4       org.eclipse.jdt.launching.internal.org.objectweb.asm.ClassReader::getItem (7 bytes)
Event: 368.300 Thread 0x00000229d047cd00 nmethod 417 0x00000229b5c67e10 code [0x00000229b5c68040, 0x00000229b5c68638]
Event: 368.300 Thread 0x00000229d047cd00  419       1       org.eclipse.jdt.launching.internal.org.objectweb.asm.SymbolTable::getSource (5 bytes)
Event: 368.300 Thread 0x00000229d047cd00 nmethod 419 0x00000229bd120210 code [0x00000229bd1203a0, 0x00000229bd120478]
Event: 368.300 Thread 0x00000229d047cd00  418       1       org.eclipse.jdt.launching.internal.org.objectweb.asm.MethodWriter::hasAsmInstructions (5 bytes)
Event: 368.300 Thread 0x00000229d047cd00 nmethod 418 0x00000229bd120510 code [0x00000229bd1206a0, 0x00000229bd120778]
Event: 368.302 Thread 0x00000229d047c350 

Event: 448.775 Thread 0x00000229d047c350  421       4       org.eclipse.jdt.launching.internal.org.objectweb.asm.ClassReader::readUtf (161 bytes)
Event: 448.775 Thread 0x00000229d047cd00  422       3       org.eclipse.jdt.launching.internal.org.objectweb.asm.SymbolTable::addConstantNameAndType (28 bytes)
Event: 448.775 Thread 0x00000229d047cd00 nmethod 422 0x00000229b5c68990 code [0x00000229b5c68b60, 0x00000229b5c68e98]
Event: 448.775 Thread 0x00000229d047cd00  423       3       org.eclipse.jdt.launching.internal.org.objectweb.asm.SymbolTable::hash (15 bytes)
Event: 448.777 Thread 0x00000229d047cd00 

Event: 448.783 Thread 0x00000229d047c350 

Event: 468.461 Thread 0x00000229d047cd00  424       3       org.eclipse.jdt.launching.internal.org.objectweb.asm.ByteVector::putByteArray (49 bytes)
Event: 468.463 Thread 0x00000229d047cd00 nmethod 424 0x00000229b5c69090 code [0x00000229b5c69240, 0x00000229b5c69518]

GC Heap History (0 events):
No events

Deoptimization events (20 events):
Event: 0.209 Thread 0x00000229b1f913e0 DEOPT PACKING pc=0x00000229b5c43cfc sp=0x0000003ab80fbdc0
Event: 0.209 Thread 0x00000229b1f913e0 DEOPT UNPACKING pc=0x00000229b5682b43 sp=0x0000003ab80fb228 mode 0
Event: 0.210 Thread 0x00000229b1f913e0 DEOPT PACKING pc=0x00000229b5c43cfc sp=0x0000003ab80f82f0
Event: 0.210 Thread 0x00000229b1f913e0 DEOPT UNPACKING pc=0x00000229b5682b43 sp=0x0000003ab80f7758 mode 0
Event: 0.212 Thread 0x00000229b1f913e0 Uncommon trap: trap_request=0xffffff45 fr.pc=0x00000229bd1098a0 relative=0x0000000000000220
Event: 0.212 Thread 0x00000229b1f913e0 Uncommon trap: reason=unstable_if action=reinterpret pc=0x00000229bd1098a0 method=java.lang.String.isLatin1()Z @ 10 c2
Event: 0.212 Thread 0x00000229b1f913e0 DEOPT PACKING pc=0x00000229bd1098a0 sp=0x0000003ab80fcd80
Event: 0.212 Thread 0x00000229b1f913e0 DEOPT UNPACKING pc=0x00000229b56823a3 sp=0x0000003ab80fccb8 mode 2
Event: 0.214 Thread 0x00000229b1f913e0 DEOPT PACKING pc=0x00000229b5c43cfc sp=0x0000003ab80fbdc0
Event: 0.214 Thread 0x00000229b1f913e0 DEOPT UNPACKING pc=0x00000229b5682b43 sp=0x0000003ab80fb228 mode 0
Event: 0.216 Thread 0x00000229b1f913e0 DEOPT PACKING pc=0x00000229b5c43cfc sp=0x0000003ab80f7f60
Event: 0.216 Thread 0x00000229b1f913e0 DEOPT UNPACKING pc=0x00000229b5682b43 sp=0x0000003ab80f73c8 mode 0
Event: 0.216 Thread 0x00000229b1f913e0 DEOPT PACKING pc=0x00000229b5c43cfc sp=0x0000003ab80f7f60
Event: 0.216 Thread 0x00000229b1f913e0 DEOPT UNPACKING pc=0x00000229b5682b43 sp=0x0000003ab80f73c8 mode 0
Event: 0.218 Thread 0x00000229b1f913e0 DEOPT PACKING pc=0x00000229b5bfbaea sp=0x0000003ab80fe2b0
Event: 0.218 Thread 0x00000229b1f913e0 DEOPT UNPACKING pc=0x00000229b5682b43 sp=0x0000003ab80fd6d0 mode 0
Event: 0.222 Thread 0x00000229b1f913e0 DEOPT PACKING pc=0x00000229b5c0f551 sp=0x0000003ab80ff160
Event: 0.222 Thread 0x00000229b1f913e0 DEOPT UNPACKING pc=0x00000229b5682b43 sp=0x0000003ab80fe640 mode 1
Event: 56.416 Thread 0x00000229b1f913e0 DEOPT PACKING pc=0x00000229b5c0febc sp=0x0000003ab80ff1f0
Event: 56.416 Thread 0x00000229b1f913e0 DEOPT UNPACKING pc=0x00000229b5682b43 sp=0x0000003ab80fe6b0 mode 0

Classes unloaded (0 events):
No events

Classes redefined (14 events):
Event: 56.420 Thread 0x00000229d04086b0 redefined class name=util.sortByName, count=1
Event: 56.420 Thread 0x00000229d04086b0 redefined class name=util.MyArrays, count=1
Event: 346.111 Thread 0x00000229d04086b0 redefined class name=util.sortByName, count=2
Event: 346.111 Thread 0x00000229d04086b0 redefined class name=util.MyArrays, count=2
Event: 355.253 Thread 0x00000229d04086b0 redefined class name=util.sortByName, count=3
Event: 355.253 Thread 0x00000229d04086b0 redefined class name=util.MyArrays, count=3
Event: 361.523 Thread 0x00000229d04086b0 redefined class name=util.sortByName, count=4
Event: 361.523 Thread 0x00000229d04086b0 redefined class name=util.MyArrays, count=4
Event: 368.301 Thread 0x00000229d04086b0 redefined class name=util.sortByName, count=5
Event: 368.301 Thread 0x00000229d04086b0 redefined class name=util.MyArrays, count=5
Event: 448.776 Thread 0x00000229d04086b0 redefined class name=util.sortByName, count=6
Event: 448.776 Thread 0x00000229d04086b0 redefined class name=util.MyArrays, count=6
Event: 468.462 Thread 0x00000229d04086b0 redefined class name=util.sortByName, count=7
Event: 468.462 Thread 0x00000229d04086b0 redefined class name=util.MyArrays, count=7

Internal exceptions (0 events):
No events

VM Operations (20 events):
Event: 448.779 Executing VM operation: ChangeSingleStep
Event: 448.779 Executing VM operation: ChangeSingleStep done
Event: 448.901 Executing VM operation: get/set locals
Event: 448.902 Executing VM operation: get/set locals done
Event: 448.957 Executing VM operation: get/set locals
Event: 448.957 Executing VM operation: get/set locals done
Event: 448.957 Executing VM operation: get/set locals
Event: 448.957 Executing VM operation: get/set locals done
Event: 468.457 Executing VM operation: ChangeSingleStep
Event: 468.457 Executing VM operation: ChangeSingleStep done
Event: 468.458 Executing VM operation: ChangeSingleStep
Event: 468.458 Executing VM operation: ChangeSingleStep done
Event: 468.462 Executing VM operation: RedefineClasses
Event: 468.463 Executing VM operation: RedefineClasses done
Event: 468.464 Executing VM operation: ChangeSingleStep
Event: 468.464 Executing VM operation: ChangeSingleStep done
Event: 468.465 Executing VM operation: get/set locals
Event: 468.465 Executing VM operation: get/set locals done
Event: 468.465 Executing VM operation: ChangeSingleStep
Event: 468.465 Executing VM operation: ChangeSingleStep done

Events (20 events):
Event: 0.206 loading class java/lang/TypeNotPresentException done
Event: 0.217 loading class java/lang/IllegalStateException
Event: 0.217 loading class java/lang/IllegalStateException done
Event: 0.220 loading class java/lang/Math$RandomNumberGeneratorHolder
Event: 0.221 loading class java/lang/Math$RandomNumberGeneratorHolder done
Event: 0.221 loading class java/util/Random
Event: 0.221 loading class java/util/random/RandomGenerator
Event: 0.221 loading class java/util/random/RandomGenerator done
Event: 0.221 loading class java/util/Random done
Event: 0.221 loading class java/nio/charset/CoderResult
Event: 0.221 loading class java/nio/charset/CoderResult done
Event: 0.222 loading class java/util/Collections$ReverseComparator
Event: 0.222 loading class java/util/Collections$ReverseComparator done
Event: 0.222 loading class java/util/Comparators$NaturalOrderComparator
Event: 0.222 loading class java/util/Comparators$NaturalOrderComparator done
Event: 0.222 loading class java/util/Collections$ReverseComparator2
Event: 0.222 loading class java/util/Collections$ReverseComparator2 done
Event: 0.222 loading class java/lang/StringIndexOutOfBoundsException
Event: 0.222 loading class java/lang/StringIndexOutOfBoundsException done
Event: 5.226 Thread 0x00000229b1f92250 Thread exited: 0x00000229b1f92250


Dynamic libraries:
0x00007ff784840000 - 0x00007ff78484e000 	D:\JP302\JP302_VietHoang\Setup\eclipse-jee-2021-12-R-win32-x86_64\eclipse\plugins\org.eclipse.justj.openjdk.hotspot.jre.full.win32.x86_64_17.0.1.v20211116-1657\jre\bin\javaw.exe
0x00007ff893790000 - 0x00007ff8939a4000 	C:\WINDOWS\SYSTEM32\ntdll.dll
0x00007ff891e40000 - 0x00007ff891f03000 	C:\WINDOWS\System32\KERNEL32.DLL
0x00007ff891070000 - 0x00007ff89140c000 	C:\WINDOWS\System32\KERNELBASE.dll
0x00007ff890d70000 - 0x00007ff890e81000 	C:\WINDOWS\System32\ucrtbase.dll
0x00007ff883010000 - 0x00007ff883029000 	D:\JP302\JP302_VietHoang\Setup\eclipse-jee-2021-12-R-win32-x86_64\eclipse\plugins\org.eclipse.justj.openjdk.hotspot.jre.full.win32.x86_64_17.0.1.v20211116-1657\jre\bin\VCRUNTIME140.dll
0x00007ff881910000 - 0x00007ff881928000 	D:\JP302\JP302_VietHoang\Setup\eclipse-jee-2021-12-R-win32-x86_64\eclipse\plugins\org.eclipse.justj.openjdk.hotspot.jre.full.win32.x86_64_17.0.1.v20211116-1657\jre\bin\jli.dll
0x00007ff892f70000 - 0x00007ff89311d000 	C:\WINDOWS\System32\USER32.dll
0x00007ff87c000000 - 0x00007ff87c28e000 	C:\WINDOWS\WinSxS\amd64_microsoft.windows.common-controls_6595b64144ccf1df_6.0.22621.608_none_a9444ca7c10bb01d\COMCTL32.dll
0x00007ff890bd0000 - 0x00007ff890bf6000 	C:\WINDOWS\System32\win32u.dll
0x00007ff891b30000 - 0x00007ff891bd7000 	C:\WINDOWS\System32\msvcrt.dll
0x00007ff8922b0000 - 0x00007ff8922d9000 	C:\WINDOWS\System32\GDI32.dll
0x00007ff890e90000 - 0x00007ff890fa3000 	C:\WINDOWS\System32\gdi32full.dll
0x00007ff891410000 - 0x00007ff8914aa000 	C:\WINDOWS\System32\msvcp_win.dll
0x00007ff8915a0000 - 0x00007ff8915d1000 	C:\WINDOWS\System32\IMM32.DLL
0x00007ff88ac30000 - 0x00007ff88ac3c000 	D:\JP302\JP302_VietHoang\Setup\eclipse-jee-2021-12-R-win32-x86_64\eclipse\plugins\org.eclipse.justj.openjdk.hotspot.jre.full.win32.x86_64_17.0.1.v20211116-1657\jre\bin\vcruntime140_1.dll
0x00007ff87a140000 - 0x00007ff87a1d1000 	D:\JP302\JP302_VietHoang\Setup\eclipse-jee-2021-12-R-win32-x86_64\eclipse\plugins\org.eclipse.justj.openjdk.hotspot.jre.full.win32.x86_64_17.0.1.v20211116-1657\jre\bin\msvcp140.dll
0x00007ff856a80000 - 0x00007ff8576c6000 	D:\JP302\JP302_VietHoang\Setup\eclipse-jee-2021-12-R-win32-x86_64\eclipse\plugins\org.eclipse.justj.openjdk.hotspot.jre.full.win32.x86_64_17.0.1.v20211116-1657\jre\bin\server\jvm.dll
0x00007ff891be0000 - 0x00007ff891c8e000 	C:\WINDOWS\System32\ADVAPI32.dll
0x00007ff891c90000 - 0x00007ff891d34000 	C:\WINDOWS\System32\sechost.dll
0x00007ff892ad0000 - 0x00007ff892be5000 	C:\WINDOWS\System32\RPCRT4.dll
0x00007ff8922a0000 - 0x00007ff8922a8000 	C:\WINDOWS\System32\PSAPI.DLL
0x00007ff888c80000 - 0x00007ff888cb4000 	C:\WINDOWS\SYSTEM32\WINMM.dll
0x00007ff88bdd0000 - 0x00007ff88bdd9000 	C:\WINDOWS\SYSTEM32\WSOCK32.dll
0x00007ff888710000 - 0x00007ff88871a000 	C:\WINDOWS\SYSTEM32\VERSION.dll
0x00007ff893250000 - 0x00007ff8932c1000 	C:\WINDOWS\System32\WS2_32.dll
0x00007ff88fc00000 - 0x00007ff88fc18000 	C:\WINDOWS\SYSTEM32\kernel.appcore.dll
0x00007ff88bdc0000 - 0x00007ff88bdca000 	D:\JP302\JP302_VietHoang\Setup\eclipse-jee-2021-12-R-win32-x86_64\eclipse\plugins\org.eclipse.justj.openjdk.hotspot.jre.full.win32.x86_64_17.0.1.v20211116-1657\jre\bin\jimage.dll
0x00007ff88e5d0000 - 0x00007ff88e7fe000 	C:\WINDOWS\SYSTEM32\DBGHELP.DLL
0x00007ff891f10000 - 0x00007ff892299000 	C:\WINDOWS\System32\combase.dll
0x00007ff891a50000 - 0x00007ff891b27000 	C:\WINDOWS\System32\OLEAUT32.dll
0x00007ff8801a0000 - 0x00007ff8801d2000 	C:\WINDOWS\SYSTEM32\dbgcore.DLL
0x00007ff891520000 - 0x00007ff89159b000 	C:\WINDOWS\System32\bcryptPrimitives.dll
0x00007ff881860000 - 0x00007ff88189b000 	D:\JP302\JP302_VietHoang\Setup\eclipse-jee-2021-12-R-win32-x86_64\eclipse\plugins\org.eclipse.justj.openjdk.hotspot.jre.full.win32.x86_64_17.0.1.v20211116-1657\jre\bin\jdwp.dll
0x00007ff8834c0000 - 0x00007ff8834ce000 	D:\JP302\JP302_VietHoang\Setup\eclipse-jee-2021-12-R-win32-x86_64\eclipse\plugins\org.eclipse.justj.openjdk.hotspot.jre.full.win32.x86_64_17.0.1.v20211116-1657\jre\bin\instrument.dll
0x00007ff879090000 - 0x00007ff8790b5000 	D:\JP302\JP302_VietHoang\Setup\eclipse-jee-2021-12-R-win32-x86_64\eclipse\plugins\org.eclipse.justj.openjdk.hotspot.jre.full.win32.x86_64_17.0.1.v20211116-1657\jre\bin\java.dll
0x00007ff879070000 - 0x00007ff879088000 	D:\JP302\JP302_VietHoang\Setup\eclipse-jee-2021-12-R-win32-x86_64\eclipse\plugins\org.eclipse.justj.openjdk.hotspot.jre.full.win32.x86_64_17.0.1.v20211116-1657\jre\bin\zip.dll
0x00007ff8922e0000 - 0x00007ff892ad0000 	C:\WINDOWS\System32\SHELL32.dll
0x00007ff88eb90000 - 0x00007ff88f45e000 	C:\WINDOWS\SYSTEM32\windows.storage.dll
0x00007ff88ea50000 - 0x00007ff88eb8e000 	C:\WINDOWS\SYSTEM32\wintypes.dll
0x00007ff893130000 - 0x00007ff893221000 	C:\WINDOWS\System32\SHCORE.dll
0x00007ff891940000 - 0x00007ff89199e000 	C:\WINDOWS\System32\shlwapi.dll
0x00007ff890b00000 - 0x00007ff890b21000 	C:\WINDOWS\SYSTEM32\profapi.dll
0x00007ff8832e0000 - 0x00007ff8832ec000 	D:\JP302\JP302_VietHoang\Setup\eclipse-jee-2021-12-R-win32-x86_64\eclipse\plugins\org.eclipse.justj.openjdk.hotspot.jre.full.win32.x86_64_17.0.1.v20211116-1657\jre\bin\dt_socket.dll
0x00007ff88f6f0000 - 0x00007ff88f71d000 	C:\WINDOWS\SYSTEM32\IPHLPAPI.DLL
0x00007ff890090000 - 0x00007ff8900f9000 	C:\WINDOWS\system32\mswsock.dll
0x00007ff88f770000 - 0x00007ff88f863000 	C:\WINDOWS\SYSTEM32\DNSAPI.dll
0x00007ff892d90000 - 0x00007ff892d99000 	C:\WINDOWS\System32\NSI.dll
0x00007ff888bd0000 - 0x00007ff888bda000 	C:\Windows\System32\rasadhlp.dll
0x00007ff888670000 - 0x00007ff8886f3000 	C:\WINDOWS\System32\fwpuclnt.dll
0x00007ff871f40000 - 0x00007ff871f59000 	D:\JP302\JP302_VietHoang\Setup\eclipse-jee-2021-12-R-win32-x86_64\eclipse\plugins\org.eclipse.justj.openjdk.hotspot.jre.full.win32.x86_64_17.0.1.v20211116-1657\jre\bin\net.dll
0x00007ff88b7e0000 - 0x00007ff88b90f000 	C:\WINDOWS\SYSTEM32\WINHTTP.dll
0x00007ff871f20000 - 0x00007ff871f35000 	D:\JP302\JP302_VietHoang\Setup\eclipse-jee-2021-12-R-win32-x86_64\eclipse\plugins\org.eclipse.justj.openjdk.hotspot.jre.full.win32.x86_64_17.0.1.v20211116-1657\jre\bin\nio.dll
0x00007ff8823f0000 - 0x00007ff882400000 	D:\JP302\JP302_VietHoang\Setup\eclipse-jee-2021-12-R-win32-x86_64\eclipse\plugins\org.eclipse.justj.openjdk.hotspot.jre.full.win32.x86_64_17.0.1.v20211116-1657\jre\bin\verify.dll

dbghelp: loaded successfully - version: 4.0.5 - missing functions: none
symbol engine: initialized successfully - sym options: 0x614 - pdb path: .;D:\JP302\JP302_VietHoang\Setup\eclipse-jee-2021-12-R-win32-x86_64\eclipse\plugins\org.eclipse.justj.openjdk.hotspot.jre.full.win32.x86_64_17.0.1.v20211116-1657\jre\bin;C:\WINDOWS\SYSTEM32;C:\WINDOWS\WinSxS\amd64_microsoft.windows.common-controls_6595b64144ccf1df_6.0.22621.608_none_a9444ca7c10bb01d;D:\JP302\JP302_VietHoang\Setup\eclipse-jee-2021-12-R-win32-x86_64\eclipse\plugins\org.eclipse.justj.openjdk.hotspot.jre.full.win32.x86_64_17.0.1.v20211116-1657\jre\bin\server

VM Arguments:
jvm_args: -XX:+ShowCodeDetailsInExceptionMessages -agentlib:jdwp=transport=dt_socket,suspend=y,address=localhost:58019 -javaagent:D:\JP302\JP302_VietHoang\Setup\eclipse-jee-2021-12-R-win32-x86_64\eclipse\configuration\org.eclipse.osgi\418\0\.cp\lib\javaagent-shaded.jar -Dfile.encoding=UTF-8 
java_command: util.MyArrays
java_class_path (initial): D:\JP302\JP302_VietHoang\Bulit_2023\jsesystem\build\classes
Launcher Type: SUN_STANDARD

[Global flags]
     intx CICompilerCount                          = 4                                         {product} {ergonomic}
     uint ConcGCThreads                            = 3                                         {product} {ergonomic}
     uint G1ConcRefinementThreads                  = 10                                        {product} {ergonomic}
   size_t G1HeapRegionSize                         = 2097152                                   {product} {ergonomic}
    uintx GCDrainStackTargetSize                   = 64                                        {product} {ergonomic}
   size_t InitialHeapSize                          = 232783872                                 {product} {ergonomic}
   size_t MarkStackSize                            = 4194304                                   {product} {ergonomic}
   size_t MaxHeapSize                              = 3720347648                                {product} {ergonomic}
   size_t MaxNewSize                               = 2231369728                                {product} {ergonomic}
   size_t MinHeapDeltaBytes                        = 2097152                                   {product} {ergonomic}
   size_t MinHeapSize                              = 8388608                                   {product} {ergonomic}
    uintx NonNMethodCodeHeapSize                   = 5839372                                {pd product} {ergonomic}
    uintx NonProfiledCodeHeapSize                  = 122909434                              {pd product} {ergonomic}
    uintx ProfiledCodeHeapSize                     = 122909434                              {pd product} {ergonomic}
    uintx ReservedCodeCacheSize                    = 251658240                              {pd product} {ergonomic}
     bool SegmentedCodeCache                       = true                                      {product} {ergonomic}
     bool ShowCodeDetailsInExceptionMessages       = true                                   {manageable} {command line}
   size_t SoftMaxHeapSize                          = 3720347648                             {manageable} {ergonomic}
     bool UseCompressedClassPointers               = true                           {product lp64_product} {ergonomic}
     bool UseCompressedOops                        = true                           {product lp64_product} {ergonomic}
     bool UseG1GC                                  = true                                      {product} {ergonomic}
     bool UseLargePagesIndividualAllocation        = false                                  {pd product} {ergonomic}

Logging:
Log output configuration:
 #0: stdout all=warning uptime,level,tags
 #1: stderr all=off uptime,level,tags

Environment Variables:
PATH=D:\JP302\JP302_VietHoang\Setup\eclipse-jee-2021-12-R-win32-x86_64\eclipse\plugins\org.eclipse.justj.openjdk.hotspot.jre.full.win32.x86_64_17.0.1.v20211116-1657\jre\bin;D:/JP302/JP302_VietHoang/Setup/eclipse-jee-2021-12-R-win32-x86_64/eclipse//plugins/org.eclipse.justj.openjdk.hotspot.jre.full.win32.x86_64_17.0.1.v20211116-1657/jre/bin/server;D:/JP302/JP302_VietHoang/Setup/eclipse-jee-2021-12-R-win32-x86_64/eclipse//plugins/org.eclipse.justj.openjdk.hotspot.jre.full.win32.x86_64_17.0.1.v20211116-1657/jre/bin;C:\Program Files\Microsoft MPI\Bin\;C:\Program Files\Common Files\Oracle\Java\javapath;C:\WINDOWS\system32;C:\WINDOWS;C:\WINDOWS\System32\Wbem;C:\WINDOWS\System32\WindowsPowerShell\v1.0\;C:\WINDOWS\System32\OpenSSH\;C:\Program Files\mingw32\bin;C:\Program Files (x86)\Calibre2\;C:\Program Files\Git\cmd;C:\Program Files\Azure Data Studio\bin;C:\Program Files\nodejs\;C:\Program Files\dotnet\;C:\Program Files\Docker\Docker\resources\bin;C:\Program Files (x86)\Microsoft SQL Server\160\DTS\Binn\;C:\Program Files (x86)\Microsoft SQL Server\160\Tools\Binn\;C:\Program Files\Microsoft SQL Server\160\Tools\Binn\;C:\Program Files\Microsoft SQL Server\Client SDK\ODBC\170\Tools\Binn\;C:\Program Files\Microsoft SQL Server\160\DTS\Binn\;C:\Program Files (x86)\Rational\common;C:\Program Files\MySQL\MySQL Shell 8.0\bin\;C:\Users\vieth\AppData\Local\Microsoft\WindowsApps;C:\Users\vieth\AppData\Local\Programs\Microsoft VS Code\bin;C:\Users\vieth\AppData\Local\GitHubDesktop\bin;C:\Users\vieth\AppData\Local\Programs\oh-my-posh\bin;C:\Windows\System32;;C:\Program Files\Azure Data Studio\bin;C:\Users\vieth\AppData\Roaming\npm;C:\Program Files\JetBrains\IntelliJ IDEA 2021.2.2\bin;;D:\JP302\JP302_VietHoang\Setup\eclipse-jee-2021-12-R-win32-x86_64\eclipse;
USERNAME=vieth
OS=Windows_NT
PROCESSOR_IDENTIFIER=AMD64 Family 25 Model 80 Stepping 0, AuthenticAMD



---------------  S Y S T E M  ---------------

OS:
 Windows 10 , 64 bit Build 22621 (10.0.22621.1344)
OS uptime: 1 days 7:30 hours
Hyper-V role detected

CPU: total 12 (initial active 12) (12 cores per cpu, 2 threads per core) family 25 model 80 stepping 0 microcode 0x0, cx8, cmov, fxsr, ht, mmx, 3dnowpref, sse, sse2, sse3, ssse3, sse4a, sse4.1, sse4.2, popcnt, lzcnt, tsc, tscinvbit, avx, avx2, aes, erms, clmul, bmi1, bmi2, adx, sha, fma, vzeroupper, clflush, clflushopt, hv

Memory: 4k page, system-wide physical 14188M (6803M free)
TotalPageFile size 19052M (AvailPageFile size 8334M)
current process WorkingSet (physical memory assigned to process): 46M, peak: 50M
current process commit charge ("private bytes"): 311M, peak: 316M

vm_info: OpenJDK 64-Bit Server VM (17.0.1+12) for windows-amd64 JRE (17.0.1+12), built on Oct 20 2021 07:42:55 by "" with MS VC++ 16.7 (VS2019)

END.
