#
# A fatal error has been detected by the Java Runtime Environment:
#
#  EXCEPTION_ACCESS_VIOLATION (0xc0000005) at pc=0x00007ff85721bc8a, pid=11460, tid=17156
#
# JRE version: OpenJDK Runtime Environment Temurin-17.0.1+12 (17.0.1+12) (build 17.0.1+12)
# Java VM: OpenJDK 64-Bit Server VM Temurin-17.0.1+12 (17.0.1+12, mixed mode, tiered, compressed oops, compressed class ptrs, g1 gc, windows-amd64)
# Problematic frame:
# V  [jvm.dll+0x79bc8a]
#
# No core dump will be written. Minidumps are not enabled by default on client versions of Windows
#
# If you would like to submit a bug report, please visit:
#   https://github.com/adoptium/adoptium-support/issues
#

---------------  S U M M A R Y ------------

Command Line: -XX:+ShowCodeDetailsInExceptionMessages -agentlib:jdwp=transport=dt_socket,suspend=y,address=localhost:58062 -javaagent:D:\JP302\JP302_VietHoang\Setup\eclipse-jee-2021-12-R-win32-x86_64\eclipse\configuration\org.eclipse.osgi\418\0\.cp\lib\javaagent-shaded.jar -Dfile.encoding=UTF-8 util.MyArrays

Host: AMD Ryzen 5 5600U with Radeon Graphics         , 12 cores, 13G,  Windows 10 , 64 bit Build 22621 (10.0.22621.1344)
Time: Sun Mar 19 14:59:41 2023 SE Asia Standard Time elapsed time: 50.840897 seconds (0d 0h 0m 50s)

---------------  T H R E A D  ---------------

Current thread (0x00000211442a8410):  JavaThread "JDWP Transport Listener: dt_socket" daemon [_thread_in_vm, id=17156, stack(0x00000045a5b00000,0x00000045a5c00000)]

Stack: [0x00000045a5b00000,0x00000045a5c00000],  sp=0x00000045a5bff350,  free space=1020k
Native frames: (J=compiled Java code, j=interpreted, Vv=VM code, C=native code)
V  [jvm.dll+0x79bc8a]
V  [jvm.dll+0x507e6c]
V  [jvm.dll+0x4cf4d4]
C  [jdwp.dll+0x22dff]


siginfo: EXCEPTION_ACCESS_VIOLATION (0xc0000005), reading address 0x000000000017003b


Register to memory mapping:

RIP=0x00007ff85721bc8a jvm.dll
RAX=0x0000000000000038 is an unknown value
RBX=0x0000021144196432 points into unknown readable memory: 56 00 29 56 00 76
RCX=0x0000000000170037 is an unknown value
RDX=0x0000021144b65d30 points into unknown readable memory: 0x6f732f6c6974754c | 4c 75 74 69 6c 2f 73 6f
RSP=0x00000045a5bff350 is pointing into the stack for thread: 0x00000211442a8410
RBP=0x00000211442b4670 points into unknown readable memory: 0x0000000000000002 | 02 00 00 00 00 00 00 00
RSI=0x0 is NULL
RDI=0xffffffffffffffff is an unknown value
R8 =0x0000000000000042 is an unknown value
R9 =0x000000000000003d is an unknown value
R10=0x0000000000000040 is an unknown value
R11=0x00000045a5bff370 is pointing into the stack for thread: 0x00000211442a8410
R12=0x00000045a5bff4a8 is pointing into the stack for thread: 0x00000211442a8410
R13=0x0 is NULL
R14=0x00000008000c5d38 is a pointer to class: 
util.sortByName {0x00000008000c5d40}
 - instance size:     2
 - klass size:        84
 - access:            synchronized 
 - state:             fully_initialized
 - name:              'util/sortByName'
 - super:             'java/lang/Object'
 - sub:               
 - arrays:            NULL
 - methods:           Array<T>(0x0000021145448aa8)
 - method ordering:   Array<T>(0x0000021145448ac8)
 - default_methods:   Array<T>(0x0000021145445ae8)
 - default vtable indices:   Array<T>(0x0000021145445b28)
 - local interfaces:  Array<T>(0x0000021145445688)
 - trans. interfaces: Array<T>(0x0000021145445688)
 - constants:         constant pool [58] {0x0000021145446320} for 'util/sortByName' cache=0x000002114544a718
 - class loader data:  loader data: 0x00000211440ed120 for instance a 'jdk/internal/loader/ClassLoaders$AppClassLoader'{0x00000007300571d8}
 - source file:       'MyArrays.java'
 - source debug extension:       SMAP
MyArrays.java
Java
*S jdt
*F
1 MyArrays.java
2 file:/D:/JP302/JP302_VietHoang/Bulit_2023/jsesystem/build/classes/
*L
*E

 - class annotations:       Array<T>(0x0000000000000000)
 - class type annotations:  Array<T>(0x0000000000000000)
 - field annotations:       Array<T>(0x0000000000000000)
 - field type annotations:  Array<T>(0x0000000000000000)
 - previous version:  constant pool [55] {0x00000211454452e8} for 'util/sortByName' (extra) cache=0x0000021145445b48
 - generic signature: '
[error occurred during error reporting (printing register info), id 0xc0000005, EXCEPTION_ACCESS_VIOLATION (0xc0000005) at pc=0x00007ff85721c896]

Registers:
RAX=0x0000000000000038, RBX=0x0000021144196432, RCX=0x0000000000170037, RDX=0x0000021144b65d30
RSP=0x00000045a5bff350, RBP=0x00000211442b4670, RSI=0x0000000000000000, RDI=0xffffffffffffffff
R8 =0x0000000000000042, R9 =0x000000000000003d, R10=0x0000000000000040, R11=0x00000045a5bff370
R12=0x00000045a5bff4a8, R13=0x0000000000000000, R14=0x00000008000c5d38, R15=0x00000045a5bff4f8
RIP=0x00007ff85721bc8a, EFLAGS=0x0000000000010206

Top of Stack: (sp=0x00000045a5bff350)
0x00000045a5bff350:   000000000000000f 00000008000c5d38
0x00000045a5bff360:   00000211442a8410 0000000000000000
0x00000045a5bff370:   ffffffffffffffff 00007ff856f87e6c
0x00000045a5bff380:   0000021144196432 0000021144196420
0x00000045a5bff390:   00000211442b4670 0000021144994eb0
0x00000045a5bff3a0:   0000021144196400 00000000000003d8
0x00000045a5bff3b0:   0000021144196410 00000211441967e8
0x00000045a5bff3c0:   0000000000000002 00000045a5bff4a8
0x00000045a5bff3d0:   0000000000000000 0000000000000000
0x00000045a5bff3e0:   000000072fdb6c80 00007ff856f4f4d4
0x00000045a5bff3f0:   00000211442a8410 00000045a5bff4f8
0x00000045a5bff400:   0000021123b3d1a0 00000045a5bff4f8
0x00000045a5bff410:   00000211442a8410 0000000000000000
0x00000045a5bff420:   0000021100000000 0000000000000000
0x00000045a5bff430:   000000000000000d 00007ff881882dff
0x00000045a5bff440:   00000045a5bff4f0 00007ff881891aa0 

Instructions: (pc=0x00007ff85721bc8a)
0x00007ff85721bb8a:   48 83 c4 20 5f e9 3c a2 90 ff cc cc cc cc cc cc
0x00007ff85721bb9a:   cc cc cc cc cc cc 48 89 5c 24 08 57 48 83 ec 20
0x00007ff85721bbaa:   83 fa 02 8d 42 06 b9 08 00 00 00 49 8b d8 0f 4e
0x00007ff85721bbba:   c1 48 63 c8 48 83 c1 07 83 e1 f8 48 63 f9 49 8b
0x00007ff85721bbca:   48 18 48 8b c7 48 f7 d0 48 3b c1 73 16 4c 8d 05
0x00007ff85721bbda:   5a 55 17 00 48 8b d7 48 8b cb e8 47 05 91 ff 48
0x00007ff85721bbea:   8b 4b 18 48 8d 04 39 48 3b 43 20 76 18 45 33 c0
0x00007ff85721bbfa:   48 8b d7 48 8b cb 48 8b 5c 24 30 48 83 c4 20 5f
0x00007ff85721bc0a:   e9 a1 01 91 ff 48 89 43 18 48 8b c1 48 8b 5c 24
0x00007ff85721bc1a:   30 48 83 c4 20 5f c3 cc cc cc cc cc cc cc cc cc
0x00007ff85721bc2a:   cc cc cc cc cc cc 4c 8b d2 4c 8b d9 45 85 c0 7e
0x00007ff85721bc3a:   3c 44 0f b7 49 04 41 8d 40 ff 41 3b c1 44 0f 4c
0x00007ff85721bc4a:   c8 4d 63 c1 45 85 c9 7e 1f 48 8b c2 4c 2b da 49
0x00007ff85721bc5a:   8b d0 0f 1f 40 00 41 0f b6 4c 03 06 88 08 48 8d
0x00007ff85721bc6a:   40 01 48 83 ea 01 75 ee 43 c6 04 10 00 49 8b c2
0x00007ff85721bc7a:   c3 cc cc cc cc cc 48 89 5c 24 08 57 48 83 ec 20
0x00007ff85721bc8a:   0f b7 59 04 48 8b f9 33 d2 48 8d 4b 01 e8 24 e8
0x00007ff85721bc9a:   f2 ff 0f b7 57 04 4c 8b c0 3b da 0f 42 d3 44 8b
0x00007ff85721bcaa:   ca 85 d2 74 39 48 2b f8 0f 1f 40 00 66 66 0f 1f
0x00007ff85721bcba:   84 00 00 00 00 00 0f b6 4c 07 06 88 08 48 ff c0
0x00007ff85721bcca:   48 8b c8 49 2b c8 49 3b c9 7c eb 42 c6 04 02 00
0x00007ff85721bcda:   49 8b c0 48 8b 5c 24 30 48 83 c4 20 5f c3 48 8b
0x00007ff85721bcea:   5c 24 30 c6 04 02 00 48 83 c4 20 5f c3 cc cc cc
0x00007ff85721bcfa:   cc cc cc cc cc cc 4c 8b d1 45 85 c0 7e 6c 44 0f
0x00007ff85721bd0a:   b7 49 04 41 8d 40 ff 41 3b c1 44 0f 4c c8 4d 63
0x00007ff85721bd1a:   d9 45 85 c9 7e 22 48 8b ca 4c 2b d2 4d 8b c3 0f
0x00007ff85721bd2a:   1f 80 00 00 00 00 41 0f b6 44 0a 06 88 01 48 8d
0x00007ff85721bd3a:   49 01 49 83 e8 01 75 ee 41 c6 04 13 00 48 c7 c0
0x00007ff85721bd4a:   ff ff ff ff 66 90 48 ff c0 80 3c 02 00 75 f7 48
0x00007ff85721bd5a:   63 c8 85 c0 48 8b c2 7e 14 80 38 2f 75 03 c6 00
0x00007ff85721bd6a:   2e 48 ff c0 48 83 e9 01 75 ef 48 8b c2 c3 cc cc
0x00007ff85721bd7a:   cc cc cc cc cc cc 48 83 ec 28 e8 f7 fe ff ff 4c 


Stack slot to memory mapping:
stack at sp + 0 slots: 0x000000000000000f is an unknown value
stack at sp + 1 slots: 0x00000008000c5d38 is a pointer to class: 
util.sortByName {0x00000008000c5d40}
 - instance size:     2
 - klass size:        84
 - access:            synchronized 
 - state:             fully_initialized
 - name:              'util/sortByName'
 - super:             'java/lang/Object'
 - sub:               
 - arrays:            NULL
 - methods:           Array<T>(0x0000021145448aa8)
 - method ordering:   Array<T>(0x0000021145448ac8)
 - default_methods:   Array<T>(0x0000021145445ae8)
 - default vtable indices:   Array<T>(0x0000021145445b28)
 - local interfaces:  Array<T>(0x0000021145445688)
 - trans. interfaces: Array<T>(0x0000021145445688)
 - constants:         constant pool [58] {0x0000021145446320} for 'util/sortByName' cache=0x000002114544a718
 - class loader data:  loader data: 0x00000211440ed120 for instance a 'jdk/internal/loader/ClassLoaders$AppClassLoader'{0x00000007300571d8}
 - source file:       'MyArrays.java'
 - source debug extension:       SMAP
MyArrays.java
Java
*S jdt
*F
1 MyArrays.java
2 file:/D:/JP302/JP302_VietHoang/Bulit_2023/jsesystem/build/classes/
*L
*E

 - class annotations:       Array<T>(0x0000000000000000)
 - class type annotations:  Array<T>(0x0000000000000000)
 - field annotations:       Array<T>(0x0000000000000000)
 - field type annotations:  Array<T>(0x0000000000000000)
 - previous version:  constant pool [55] {0x00000211454452e8} for 'util/sortByName' (extra) cache=0x0000021145445b48
 - generic signature: '
[error occurred during error reporting (inspecting top of stack), id 0xc0000005, EXCEPTION_ACCESS_VIOLATION (0xc0000005) at pc=0x00007ff85721c896]


---------------  P R O C E S S  ---------------

Threads class SMR info:
_java_thread_list=0x0000021144994970, length=15, elements={
0x0000021123b4ebf0, 0x0000021143776680, 0x0000021143777040, 0x000002114377b3d0,
0x000002114377c190, 0x000002114403e010, 0x000002114403e8d0, 0x0000021144041950,
0x000002114405cd60, 0x0000021144065e30, 0x0000021144167ea0, 0x00000211442a8410,
0x000002114430b790, 0x000002114430c010, 0x00000211448939f0
}

Java Threads: ( => current thread )
  0x0000021123b4ebf0 JavaThread "main" [_thread_blocked, id=3396, stack(0x00000045a4a00000,0x00000045a4b00000)]
  0x0000021143776680 JavaThread "Reference Handler" daemon [_thread_blocked, id=18584, stack(0x00000045a5100000,0x00000045a5200000)]
  0x0000021143777040 JavaThread "Finalizer" daemon [_thread_blocked, id=9692, stack(0x00000045a5200000,0x00000045a5300000)]
  0x000002114377b3d0 JavaThread "Signal Dispatcher" daemon [_thread_blocked, id=4384, stack(0x00000045a5300000,0x00000045a5400000)]
  0x000002114377c190 JavaThread "Attach Listener" daemon [_thread_blocked, id=15072, stack(0x00000045a5400000,0x00000045a5500000)]
  0x000002114403e010 JavaThread "Service Thread" daemon [_thread_blocked, id=16040, stack(0x00000045a5500000,0x00000045a5600000)]
  0x000002114403e8d0 JavaThread "Monitor Deflation Thread" daemon [_thread_blocked, id=6644, stack(0x00000045a5600000,0x00000045a5700000)]
  0x0000021144041950 JavaThread "C2 CompilerThread0" daemon [_thread_blocked, id=3504, stack(0x00000045a5700000,0x00000045a5800000)]
  0x000002114405cd60 JavaThread "C1 CompilerThread0" daemon [_thread_blocked, id=6796, stack(0x00000045a5800000,0x00000045a5900000)]
  0x0000021144065e30 JavaThread "Sweeper thread" daemon [_thread_blocked, id=16448, stack(0x00000045a5900000,0x00000045a5a00000)]
  0x0000021144167ea0 JavaThread "Common-Cleaner" daemon [_thread_blocked, id=8660, stack(0x00000045a5a00000,0x00000045a5b00000)]
=>0x00000211442a8410 JavaThread "JDWP Transport Listener: dt_socket" daemon [_thread_in_vm, id=17156, stack(0x00000045a5b00000,0x00000045a5c00000)]
  0x000002114430b790 JavaThread "JDWP Event Helper Thread" daemon [_thread_blocked, id=15572, stack(0x00000045a5c00000,0x00000045a5d00000)]
  0x000002114430c010 JavaThread "JDWP Command Reader" daemon [_thread_in_native, id=4740, stack(0x00000045a5d00000,0x00000045a5e00000)]
  0x00000211448939f0 JavaThread "Notification Thread" daemon [_thread_blocked, id=19412, stack(0x00000045a5e00000,0x00000045a5f00000)]

Other Threads:
  0x000002114378e3f0 VMThread "VM Thread" [stack: 0x00000045a5000000,0x00000045a5100000] [id=18912]
  0x00000211449aab20 WatcherThread [stack: 0x00000045a5f00000,0x00000045a6000000] [id=4940]
  0x0000021123b97b60 GCTaskThread "GC Thread#0" [stack: 0x00000045a4b00000,0x00000045a4c00000] [id=13544]
  0x0000021123ba7160 ConcurrentGCThread "G1 Main Marker" [stack: 0x00000045a4c00000,0x00000045a4d00000] [id=14936]
  0x0000021123ba7b70 ConcurrentGCThread "G1 Conc#0" [stack: 0x00000045a4d00000,0x00000045a4e00000] [id=9500]
  0x0000021123c08bb0 ConcurrentGCThread "G1 Refine#0" [stack: 0x00000045a4e00000,0x00000045a4f00000] [id=18304]
  0x00000211435f34d0 ConcurrentGCThread "G1 Service" [stack: 0x00000045a4f00000,0x00000045a5000000] [id=15160]

Threads with active compile tasks:

VM state: not at safepoint (normal execution)

VM Mutex/Monitor currently owned by a thread: None

Heap address: 0x0000000722400000, size: 3548 MB, Compressed Oops mode: Zero based, Oop shift amount: 3

CDS archive(s) not mapped
Compressed class space mapped at: 0x0000000800000000-0x0000000840000000, reserved size: 1073741824
Narrow klass base: 0x0000000800000000, Narrow klass shift: 0, Narrow klass range: 0x40000000

GC Precious Log:
 CPUs: 12 total, 12 available
 Memory: 14188M
 Large Page Support: Disabled
 NUMA Support: Disabled
 Compressed Oops: Enabled (Zero based)
 Heap Region Size: 2M
 Heap Min Capacity: 8M
 Heap Initial Capacity: 222M
 Heap Max Capacity: 3548M
 Pre-touch: Disabled
 Parallel Workers: 10
 Concurrent Workers: 3
 Concurrent Refinement Workers: 10
 Periodic GC: Disabled

Heap:
 garbage-first heap   total 227328K, used 4096K [0x0000000722400000, 0x0000000800000000)
  region size 2048K, 3 young (6144K), 0 survivors (0K)
 Metaspace       used 9437K, committed 9536K, reserved 1064960K
  class space    used 816K, committed 896K, reserved 1048576K

Heap Regions: E=young(eden), S=young(survivor), O=old, HS=humongous(starts), HC=humongous(continues), CS=collection set, F=free, OA=open archive, CA=closed archive, TAMS=top-at-mark-start (previous, next)
|   0|0x0000000722400000, 0x0000000722400000, 0x0000000722600000|  0%| F|  |TAMS 0x0000000722400000, 0x0000000722400000| Untracked 
|   1|0x0000000722600000, 0x0000000722600000, 0x0000000722800000|  0%| F|  |TAMS 0x0000000722600000, 0x0000000722600000| Untracked 
|   2|0x0000000722800000, 0x0000000722800000, 0x0000000722a00000|  0%| F|  |TAMS 0x0000000722800000, 0x0000000722800000| Untracked 
|   3|0x0000000722a00000, 0x0000000722a00000, 0x0000000722c00000|  0%| F|  |TAMS 0x0000000722a00000, 0x0000000722a00000| Untracked 
|   4|0x0000000722c00000, 0x0000000722c00000, 0x0000000722e00000|  0%| F|  |TAMS 0x0000000722c00000, 0x0000000722c00000| Untracked 
|   5|0x0000000722e00000, 0x0000000722e00000, 0x0000000723000000|  0%| F|  |TAMS 0x0000000722e00000, 0x0000000722e00000| Untracked 
|   6|0x0000000723000000, 0x0000000723000000, 0x0000000723200000|  0%| F|  |TAMS 0x0000000723000000, 0x0000000723000000| Untracked 
|   7|0x0000000723200000, 0x0000000723200000, 0x0000000723400000|  0%| F|  |TAMS 0x0000000723200000, 0x0000000723200000| Untracked 
|   8|0x0000000723400000, 0x0000000723400000, 0x0000000723600000|  0%| F|  |TAMS 0x0000000723400000, 0x0000000723400000| Untracked 
|   9|0x0000000723600000, 0x0000000723600000, 0x0000000723800000|  0%| F|  |TAMS 0x0000000723600000, 0x0000000723600000| Untracked 
|  10|0x0000000723800000, 0x0000000723800000, 0x0000000723a00000|  0%| F|  |TAMS 0x0000000723800000, 0x0000000723800000| Untracked 
|  11|0x0000000723a00000, 0x0000000723a00000, 0x0000000723c00000|  0%| F|  |TAMS 0x0000000723a00000, 0x0000000723a00000| Untracked 
|  12|0x0000000723c00000, 0x0000000723c00000, 0x0000000723e00000|  0%| F|  |TAMS 0x0000000723c00000, 0x0000000723c00000| Untracked 
|  13|0x0000000723e00000, 0x0000000723e00000, 0x0000000724000000|  0%| F|  |TAMS 0x0000000723e00000, 0x0000000723e00000| Untracked 
|  14|0x0000000724000000, 0x0000000724000000, 0x0000000724200000|  0%| F|  |TAMS 0x0000000724000000, 0x0000000724000000| Untracked 
|  15|0x0000000724200000, 0x0000000724200000, 0x0000000724400000|  0%| F|  |TAMS 0x0000000724200000, 0x0000000724200000| Untracked 
|  16|0x0000000724400000, 0x0000000724400000, 0x0000000724600000|  0%| F|  |TAMS 0x0000000724400000, 0x0000000724400000| Untracked 
|  17|0x0000000724600000, 0x0000000724600000, 0x0000000724800000|  0%| F|  |TAMS 0x0000000724600000, 0x0000000724600000| Untracked 
|  18|0x0000000724800000, 0x0000000724800000, 0x0000000724a00000|  0%| F|  |TAMS 0x0000000724800000, 0x0000000724800000| Untracked 
|  19|0x0000000724a00000, 0x0000000724a00000, 0x0000000724c00000|  0%| F|  |TAMS 0x0000000724a00000, 0x0000000724a00000| Untracked 
|  20|0x0000000724c00000, 0x0000000724c00000, 0x0000000724e00000|  0%| F|  |TAMS 0x0000000724c00000, 0x0000000724c00000| Untracked 
|  21|0x0000000724e00000, 0x0000000724e00000, 0x0000000725000000|  0%| F|  |TAMS 0x0000000724e00000, 0x0000000724e00000| Untracked 
|  22|0x0000000725000000, 0x0000000725000000, 0x0000000725200000|  0%| F|  |TAMS 0x0000000725000000, 0x0000000725000000| Untracked 
|  23|0x0000000725200000, 0x0000000725200000, 0x0000000725400000|  0%| F|  |TAMS 0x0000000725200000, 0x0000000725200000| Untracked 
|  24|0x0000000725400000, 0x0000000725400000, 0x0000000725600000|  0%| F|  |TAMS 0x0000000725400000, 0x0000000725400000| Untracked 
|  25|0x0000000725600000, 0x0000000725600000, 0x0000000725800000|  0%| F|  |TAMS 0x0000000725600000, 0x0000000725600000| Untracked 
|  26|0x0000000725800000, 0x0000000725800000, 0x0000000725a00000|  0%| F|  |TAMS 0x0000000725800000, 0x0000000725800000| Untracked 
|  27|0x0000000725a00000, 0x0000000725a00000, 0x0000000725c00000|  0%| F|  |TAMS 0x0000000725a00000, 0x0000000725a00000| Untracked 
|  28|0x0000000725c00000, 0x0000000725c00000, 0x0000000725e00000|  0%| F|  |TAMS 0x0000000725c00000, 0x0000000725c00000| Untracked 
|  29|0x0000000725e00000, 0x0000000725e00000, 0x0000000726000000|  0%| F|  |TAMS 0x0000000725e00000, 0x0000000725e00000| Untracked 
|  30|0x0000000726000000, 0x0000000726000000, 0x0000000726200000|  0%| F|  |TAMS 0x0000000726000000, 0x0000000726000000| Untracked 
|  31|0x0000000726200000, 0x0000000726200000, 0x0000000726400000|  0%| F|  |TAMS 0x0000000726200000, 0x0000000726200000| Untracked 
|  32|0x0000000726400000, 0x0000000726400000, 0x0000000726600000|  0%| F|  |TAMS 0x0000000726400000, 0x0000000726400000| Untracked 
|  33|0x0000000726600000, 0x0000000726600000, 0x0000000726800000|  0%| F|  |TAMS 0x0000000726600000, 0x0000000726600000| Untracked 
|  34|0x0000000726800000, 0x0000000726800000, 0x0000000726a00000|  0%| F|  |TAMS 0x0000000726800000, 0x0000000726800000| Untracked 
|  35|0x0000000726a00000, 0x0000000726a00000, 0x0000000726c00000|  0%| F|  |TAMS 0x0000000726a00000, 0x0000000726a00000| Untracked 
|  36|0x0000000726c00000, 0x0000000726c00000, 0x0000000726e00000|  0%| F|  |TAMS 0x0000000726c00000, 0x0000000726c00000| Untracked 
|  37|0x0000000726e00000, 0x0000000726e00000, 0x0000000727000000|  0%| F|  |TAMS 0x0000000726e00000, 0x0000000726e00000| Untracked 
|  38|0x0000000727000000, 0x0000000727000000, 0x0000000727200000|  0%| F|  |TAMS 0x0000000727000000, 0x0000000727000000| Untracked 
|  39|0x0000000727200000, 0x0000000727200000, 0x0000000727400000|  0%| F|  |TAMS 0x0000000727200000, 0x0000000727200000| Untracked 
|  40|0x0000000727400000, 0x0000000727400000, 0x0000000727600000|  0%| F|  |TAMS 0x0000000727400000, 0x0000000727400000| Untracked 
|  41|0x0000000727600000, 0x0000000727600000, 0x0000000727800000|  0%| F|  |TAMS 0x0000000727600000, 0x0000000727600000| Untracked 
|  42|0x0000000727800000, 0x0000000727800000, 0x0000000727a00000|  0%| F|  |TAMS 0x0000000727800000, 0x0000000727800000| Untracked 
|  43|0x0000000727a00000, 0x0000000727a00000, 0x0000000727c00000|  0%| F|  |TAMS 0x0000000727a00000, 0x0000000727a00000| Untracked 
|  44|0x0000000727c00000, 0x0000000727c00000, 0x0000000727e00000|  0%| F|  |TAMS 0x0000000727c00000, 0x0000000727c00000| Untracked 
|  45|0x0000000727e00000, 0x0000000727e00000, 0x0000000728000000|  0%| F|  |TAMS 0x0000000727e00000, 0x0000000727e00000| Untracked 
|  46|0x0000000728000000, 0x0000000728000000, 0x0000000728200000|  0%| F|  |TAMS 0x0000000728000000, 0x0000000728000000| Untracked 
|  47|0x0000000728200000, 0x0000000728200000, 0x0000000728400000|  0%| F|  |TAMS 0x0000000728200000, 0x0000000728200000| Untracked 
|  48|0x0000000728400000, 0x0000000728400000, 0x0000000728600000|  0%| F|  |TAMS 0x0000000728400000, 0x0000000728400000| Untracked 
|  49|0x0000000728600000, 0x0000000728600000, 0x0000000728800000|  0%| F|  |TAMS 0x0000000728600000, 0x0000000728600000| Untracked 
|  50|0x0000000728800000, 0x0000000728800000, 0x0000000728a00000|  0%| F|  |TAMS 0x0000000728800000, 0x0000000728800000| Untracked 
|  51|0x0000000728a00000, 0x0000000728a00000, 0x0000000728c00000|  0%| F|  |TAMS 0x0000000728a00000, 0x0000000728a00000| Untracked 
|  52|0x0000000728c00000, 0x0000000728c00000, 0x0000000728e00000|  0%| F|  |TAMS 0x0000000728c00000, 0x0000000728c00000| Untracked 
|  53|0x0000000728e00000, 0x0000000728e00000, 0x0000000729000000|  0%| F|  |TAMS 0x0000000728e00000, 0x0000000728e00000| Untracked 
|  54|0x0000000729000000, 0x0000000729000000, 0x0000000729200000|  0%| F|  |TAMS 0x0000000729000000, 0x0000000729000000| Untracked 
|  55|0x0000000729200000, 0x0000000729200000, 0x0000000729400000|  0%| F|  |TAMS 0x0000000729200000, 0x0000000729200000| Untracked 
|  56|0x0000000729400000, 0x0000000729400000, 0x0000000729600000|  0%| F|  |TAMS 0x0000000729400000, 0x0000000729400000| Untracked 
|  57|0x0000000729600000, 0x0000000729600000, 0x0000000729800000|  0%| F|  |TAMS 0x0000000729600000, 0x0000000729600000| Untracked 
|  58|0x0000000729800000, 0x0000000729800000, 0x0000000729a00000|  0%| F|  |TAMS 0x0000000729800000, 0x0000000729800000| Untracked 
|  59|0x0000000729a00000, 0x0000000729a00000, 0x0000000729c00000|  0%| F|  |TAMS 0x0000000729a00000, 0x0000000729a00000| Untracked 
|  60|0x0000000729c00000, 0x0000000729c00000, 0x0000000729e00000|  0%| F|  |TAMS 0x0000000729c00000, 0x0000000729c00000| Untracked 
|  61|0x0000000729e00000, 0x0000000729e00000, 0x000000072a000000|  0%| F|  |TAMS 0x0000000729e00000, 0x0000000729e00000| Untracked 
|  62|0x000000072a000000, 0x000000072a000000, 0x000000072a200000|  0%| F|  |TAMS 0x000000072a000000, 0x000000072a000000| Untracked 
|  63|0x000000072a200000, 0x000000072a200000, 0x000000072a400000|  0%| F|  |TAMS 0x000000072a200000, 0x000000072a200000| Untracked 
|  64|0x000000072a400000, 0x000000072a400000, 0x000000072a600000|  0%| F|  |TAMS 0x000000072a400000, 0x000000072a400000| Untracked 
|  65|0x000000072a600000, 0x000000072a600000, 0x000000072a800000|  0%| F|  |TAMS 0x000000072a600000, 0x000000072a600000| Untracked 
|  66|0x000000072a800000, 0x000000072a800000, 0x000000072aa00000|  0%| F|  |TAMS 0x000000072a800000, 0x000000072a800000| Untracked 
|  67|0x000000072aa00000, 0x000000072aa00000, 0x000000072ac00000|  0%| F|  |TAMS 0x000000072aa00000, 0x000000072aa00000| Untracked 
|  68|0x000000072ac00000, 0x000000072ac00000, 0x000000072ae00000|  0%| F|  |TAMS 0x000000072ac00000, 0x000000072ac00000| Untracked 
|  69|0x000000072ae00000, 0x000000072ae00000, 0x000000072b000000|  0%| F|  |TAMS 0x000000072ae00000, 0x000000072ae00000| Untracked 
|  70|0x000000072b000000, 0x000000072b000000, 0x000000072b200000|  0%| F|  |TAMS 0x000000072b000000, 0x000000072b000000| Untracked 
|  71|0x000000072b200000, 0x000000072b200000, 0x000000072b400000|  0%| F|  |TAMS 0x000000072b200000, 0x000000072b200000| Untracked 
|  72|0x000000072b400000, 0x000000072b400000, 0x000000072b600000|  0%| F|  |TAMS 0x000000072b400000, 0x000000072b400000| Untracked 
|  73|0x000000072b600000, 0x000000072b600000, 0x000000072b800000|  0%| F|  |TAMS 0x000000072b600000, 0x000000072b600000| Untracked 
|  74|0x000000072b800000, 0x000000072b800000, 0x000000072ba00000|  0%| F|  |TAMS 0x000000072b800000, 0x000000072b800000| Untracked 
|  75|0x000000072ba00000, 0x000000072ba00000, 0x000000072bc00000|  0%| F|  |TAMS 0x000000072ba00000, 0x000000072ba00000| Untracked 
|  76|0x000000072bc00000, 0x000000072bc00000, 0x000000072be00000|  0%| F|  |TAMS 0x000000072bc00000, 0x000000072bc00000| Untracked 
|  77|0x000000072be00000, 0x000000072be00000, 0x000000072c000000|  0%| F|  |TAMS 0x000000072be00000, 0x000000072be00000| Untracked 
|  78|0x000000072c000000, 0x000000072c000000, 0x000000072c200000|  0%| F|  |TAMS 0x000000072c000000, 0x000000072c000000| Untracked 
|  79|0x000000072c200000, 0x000000072c200000, 0x000000072c400000|  0%| F|  |TAMS 0x000000072c200000, 0x000000072c200000| Untracked 
|  80|0x000000072c400000, 0x000000072c400000, 0x000000072c600000|  0%| F|  |TAMS 0x000000072c400000, 0x000000072c400000| Untracked 
|  81|0x000000072c600000, 0x000000072c600000, 0x000000072c800000|  0%| F|  |TAMS 0x000000072c600000, 0x000000072c600000| Untracked 
|  82|0x000000072c800000, 0x000000072c800000, 0x000000072ca00000|  0%| F|  |TAMS 0x000000072c800000, 0x000000072c800000| Untracked 
|  83|0x000000072ca00000, 0x000000072ca00000, 0x000000072cc00000|  0%| F|  |TAMS 0x000000072ca00000, 0x000000072ca00000| Untracked 
|  84|0x000000072cc00000, 0x000000072cc00000, 0x000000072ce00000|  0%| F|  |TAMS 0x000000072cc00000, 0x000000072cc00000| Untracked 
|  85|0x000000072ce00000, 0x000000072ce00000, 0x000000072d000000|  0%| F|  |TAMS 0x000000072ce00000, 0x000000072ce00000| Untracked 
|  86|0x000000072d000000, 0x000000072d000000, 0x000000072d200000|  0%| F|  |TAMS 0x000000072d000000, 0x000000072d000000| Untracked 
|  87|0x000000072d200000, 0x000000072d200000, 0x000000072d400000|  0%| F|  |TAMS 0x000000072d200000, 0x000000072d200000| Untracked 
|  88|0x000000072d400000, 0x000000072d400000, 0x000000072d600000|  0%| F|  |TAMS 0x000000072d400000, 0x000000072d400000| Untracked 
|  89|0x000000072d600000, 0x000000072d600000, 0x000000072d800000|  0%| F|  |TAMS 0x000000072d600000, 0x000000072d600000| Untracked 
|  90|0x000000072d800000, 0x000000072d800000, 0x000000072da00000|  0%| F|  |TAMS 0x000000072d800000, 0x000000072d800000| Untracked 
|  91|0x000000072da00000, 0x000000072da00000, 0x000000072dc00000|  0%| F|  |TAMS 0x000000072da00000, 0x000000072da00000| Untracked 
|  92|0x000000072dc00000, 0x000000072dc00000, 0x000000072de00000|  0%| F|  |TAMS 0x000000072dc00000, 0x000000072dc00000| Untracked 
|  93|0x000000072de00000, 0x000000072de00000, 0x000000072e000000|  0%| F|  |TAMS 0x000000072de00000, 0x000000072de00000| Untracked 
|  94|0x000000072e000000, 0x000000072e000000, 0x000000072e200000|  0%| F|  |TAMS 0x000000072e000000, 0x000000072e000000| Untracked 
|  95|0x000000072e200000, 0x000000072e200000, 0x000000072e400000|  0%| F|  |TAMS 0x000000072e200000, 0x000000072e200000| Untracked 
|  96|0x000000072e400000, 0x000000072e400000, 0x000000072e600000|  0%| F|  |TAMS 0x000000072e400000, 0x000000072e400000| Untracked 
|  97|0x000000072e600000, 0x000000072e600000, 0x000000072e800000|  0%| F|  |TAMS 0x000000072e600000, 0x000000072e600000| Untracked 
|  98|0x000000072e800000, 0x000000072e800000, 0x000000072ea00000|  0%| F|  |TAMS 0x000000072e800000, 0x000000072e800000| Untracked 
|  99|0x000000072ea00000, 0x000000072ea00000, 0x000000072ec00000|  0%| F|  |TAMS 0x000000072ea00000, 0x000000072ea00000| Untracked 
| 100|0x000000072ec00000, 0x000000072ec00000, 0x000000072ee00000|  0%| F|  |TAMS 0x000000072ec00000, 0x000000072ec00000| Untracked 
| 101|0x000000072ee00000, 0x000000072ee00000, 0x000000072f000000|  0%| F|  |TAMS 0x000000072ee00000, 0x000000072ee00000| Untracked 
| 102|0x000000072f000000, 0x000000072f000000, 0x000000072f200000|  0%| F|  |TAMS 0x000000072f000000, 0x000000072f000000| Untracked 
| 103|0x000000072f200000, 0x000000072f200000, 0x000000072f400000|  0%| F|  |TAMS 0x000000072f200000, 0x000000072f200000| Untracked 
| 104|0x000000072f400000, 0x000000072f400000, 0x000000072f600000|  0%| F|  |TAMS 0x000000072f400000, 0x000000072f400000| Untracked 
| 105|0x000000072f600000, 0x000000072f600000, 0x000000072f800000|  0%| F|  |TAMS 0x000000072f600000, 0x000000072f600000| Untracked 
| 106|0x000000072f800000, 0x000000072f800000, 0x000000072fa00000|  0%| F|  |TAMS 0x000000072f800000, 0x000000072f800000| Untracked 
| 107|0x000000072fa00000, 0x000000072fa00000, 0x000000072fc00000|  0%| F|  |TAMS 0x000000072fa00000, 0x000000072fa00000| Untracked 
| 108|0x000000072fc00000, 0x000000072fdf4820, 0x000000072fe00000| 97%| E|  |TAMS 0x000000072fc00000, 0x000000072fc00000| Complete 
| 109|0x000000072fe00000, 0x0000000730000000, 0x0000000730000000|100%| E|CS|TAMS 0x000000072fe00000, 0x000000072fe00000| Complete 
| 110|0x0000000730000000, 0x0000000730200000, 0x0000000730200000|100%| E|CS|TAMS 0x0000000730000000, 0x0000000730000000| Complete 

Card table byte_map: [0x0000021138d90000,0x0000021139480000] _byte_map_base: 0x000002113547e000

Marking Bits (Prev, Next): (CMBitMap*) 0x0000021123b98170, (CMBitMap*) 0x0000021123b981b0
 Prev Bits: [0x0000021139b70000, 0x000002113d2e0000)
 Next Bits: [0x000002113d2e0000, 0x0000021140a50000)

Polling page: 0x00000211238c0000

Metaspace:

Usage:
  Non-class:      8.42 MB used.
      Class:    816.76 KB used.
       Both:      9.22 MB used.

Virtual space:
  Non-class space:       16.00 MB reserved,       8.44 MB ( 53%) committed,  2 nodes.
      Class space:        1.00 GB reserved,     896.00 KB ( <1%) committed,  1 nodes.
             Both:        1.02 GB reserved,       9.31 MB ( <1%) committed. 

Chunk freelists:
   Non-Class:  2.69 MB
       Class:  3.09 MB
        Both:  5.78 MB

MaxMetaspaceSize: unlimited
CompressedClassSpaceSize: 1.00 GB
Initial GC threshold: 21.00 MB
Current GC threshold: 21.00 MB
CDS: off
MetaspaceReclaimPolicy: balanced
 - commit_granule_bytes: 65536.
 - commit_granule_words: 8192.
 - virtual_space_node_default_size: 1048576.
 - enlarge_chunks_in_place: 1.
 - new_chunks_are_fully_committed: 0.
 - uncommit_free_chunks: 1.
 - use_allocation_guard: 0.
 - handle_deallocations: 1.


Internal statistics:

num_allocs_failed_limit: 0.
num_arena_births: 8.
num_arena_deaths: 0.
num_vsnodes_births: 3.
num_vsnodes_deaths: 0.
num_space_committed: 149.
num_space_uncommitted: 0.
num_chunks_returned_to_freelist: 0.
num_chunks_taken_from_freelist: 49.
num_chunk_merges: 0.
num_chunk_splits: 21.
num_chunks_enlarged: 16.
num_purges: 0.
num_inconsistent_stats: 0.

CodeHeap 'non-profiled nmethods': size=120000Kb used=132Kb max_used=132Kb free=119867Kb
 bounds [0x00000211304e0000, 0x0000021130750000, 0x0000021137a10000]
CodeHeap 'profiled nmethods': size=120000Kb used=614Kb max_used=614Kb free=119385Kb
 bounds [0x0000021128fb0000, 0x0000021129220000, 0x00000211304e0000]
CodeHeap 'non-nmethods': size=5760Kb used=1199Kb max_used=1229Kb free=4560Kb
 bounds [0x0000021128a10000, 0x0000021128c80000, 0x0000021128fb0000]
 total_blobs=829 nmethods=414 adapters=328
 compilation: enabled
              stopped_count=0, restarted_count=0
 full_count=0

Compilation events (20 events):
Event: 0.226 Thread 0x000002114405cd60  406       1       java.nio.Buffer::limit (5 bytes)
Event: 0.226 Thread 0x000002114405cd60 nmethod 406 0x00000211304ffd90 code [0x00000211304fff20, 0x00000211304ffff8]
Event: 0.226 Thread 0x0000021144041950  407       4       java.lang.AbstractStringBuilder::ensureCapacityInternal (39 bytes)
Event: 0.226 Thread 0x000002114405cd60  408       1       java.nio.Buffer::position (5 bytes)
Event: 0.227 Thread 0x000002114405cd60 nmethod 408 0x0000021130500090 code [0x0000021130500220, 0x00000211305002f8]
Event: 0.227 Thread 0x000002114405cd60  409       3       org.eclipse.jdt.launching.internal.org.objectweb.asm.ByteVector::putShort (52 bytes)
Event: 0.227 Thread 0x000002114405cd60 nmethod 409 0x0000021129048690 code [0x0000021129048840, 0x0000021129048a68]
Event: 0.229 Thread 0x0000021144041950 nmethod 407 0x0000021130500390 code [0x0000021130500520, 0x0000021130500948]
Event: 31.039 Thread 0x000002114405cd60  410       3       java.lang.String::<init> (14 bytes)
Event: 31.039 Thread 0x000002114405cd60 nmethod 410 0x0000021129048c10 code [0x0000021129048dc0, 0x0000021129048fd8]
Event: 31.039 Thread 0x000002114405cd60  411       3       org.eclipse.jdt.launching.internal.org.objectweb.asm.SymbolTable::addConstantUtf8 (20 bytes)
Event: 31.039 Thread 0x000002114405cd60 nmethod 411 0x0000021129049110 code [0x00000211290492e0, 0x00000211290495a8]
Event: 31.039 Thread 0x000002114405cd60  412       3       org.eclipse.jdt.launching.internal.org.objectweb.asm.ClassReader::readInt (52 bytes)
Event: 31.039 Thread 0x000002114405cd60 nmethod 412 0x0000021129049710 code [0x00000211290498a0, 0x0000021129049a78]
Event: 31.039 Thread 0x000002114405cd60  413       1       org.eclipse.jdt.launching.internal.org.objectweb.asm.SymbolTable::getMajorVersion (5 bytes)
Event: 31.041 Thread 0x000002114405cd60 nmethod 413 0x0000021130500b90 code [0x0000021130500d20, 0x0000021130500df8]
Event: 31.041 Thread 0x000002114405cd60  414       1       org.eclipse.jdt.launching.internal.org.objectweb.asm.SymbolTable::getSource (5 bytes)
Event: 31.041 Thread 0x000002114405cd60 nmethod 414 0x0000021130500e90 code [0x0000021130501020, 0x00000211305010f8]
Event: 50.725 Thread 0x000002114405cd60  415       3       org.eclipse.jdt.launching.internal.org.objectweb.asm.SymbolTable::addConstantUtf8 (98 bytes)
Event: 50.727 Thread 0x000002114405cd60 


GC Heap History (0 events):
No events

Deoptimization events (20 events):
Event: 0.217 Thread 0x0000021123b4ebf0 DEOPT PACKING pc=0x00000211304e95a0 sp=0x00000045a4afc7e0
Event: 0.217 Thread 0x0000021123b4ebf0 DEOPT UNPACKING pc=0x0000021128a623a3 sp=0x00000045a4afc718 mode 2
Event: 0.218 Thread 0x0000021123b4ebf0 DEOPT PACKING pc=0x00000211290250d4 sp=0x00000045a4afb1b0
Event: 0.218 Thread 0x0000021123b4ebf0 DEOPT UNPACKING pc=0x0000021128a62b43 sp=0x00000045a4afa618 mode 0
Event: 0.218 Thread 0x0000021123b4ebf0 DEOPT PACKING pc=0x00000211290250d4 sp=0x00000045a4afb1b0
Event: 0.218 Thread 0x0000021123b4ebf0 DEOPT UNPACKING pc=0x0000021128a62b43 sp=0x00000045a4afa618 mode 0
Event: 0.222 Thread 0x0000021123b4ebf0 DEOPT PACKING pc=0x00000211290250d4 sp=0x00000045a4af79c0
Event: 0.222 Thread 0x0000021123b4ebf0 DEOPT UNPACKING pc=0x0000021128a62b43 sp=0x00000045a4af6e28 mode 0
Event: 0.222 Thread 0x0000021123b4ebf0 DEOPT PACKING pc=0x00000211290250d4 sp=0x00000045a4af79c0
Event: 0.222 Thread 0x0000021123b4ebf0 DEOPT UNPACKING pc=0x0000021128a62b43 sp=0x00000045a4af6e28 mode 0
Event: 0.222 Thread 0x0000021123b4ebf0 DEOPT PACKING pc=0x00000211290250d4 sp=0x00000045a4af79c0
Event: 0.222 Thread 0x0000021123b4ebf0 DEOPT UNPACKING pc=0x0000021128a62b43 sp=0x00000045a4af6e28 mode 0
Event: 0.222 Thread 0x0000021123b4ebf0 DEOPT PACKING pc=0x00000211290250d4 sp=0x00000045a4af79c0
Event: 0.222 Thread 0x0000021123b4ebf0 DEOPT UNPACKING pc=0x0000021128a62b43 sp=0x00000045a4af6e28 mode 0
Event: 0.224 Thread 0x0000021123b4ebf0 DEOPT PACKING pc=0x0000021128fdbb6a sp=0x00000045a4afdd70
Event: 0.224 Thread 0x0000021123b4ebf0 DEOPT UNPACKING pc=0x0000021128a62b43 sp=0x00000045a4afd190 mode 0
Event: 0.227 Thread 0x0000021123b4ebf0 DEOPT PACKING pc=0x0000021128fef851 sp=0x00000045a4afebc0
Event: 0.227 Thread 0x0000021123b4ebf0 DEOPT UNPACKING pc=0x0000021128a62b43 sp=0x00000045a4afe0a0 mode 1
Event: 31.036 Thread 0x0000021123b4ebf0 DEOPT PACKING pc=0x0000021128ff01bc sp=0x00000045a4afec50
Event: 31.036 Thread 0x0000021123b4ebf0 DEOPT UNPACKING pc=0x0000021128a62b43 sp=0x00000045a4afe110 mode 0

Classes unloaded (0 events):
No events

Classes redefined (4 events):
Event: 31.039 Thread 0x000002114378e3f0 redefined class name=util.sortByName, count=1
Event: 31.039 Thread 0x000002114378e3f0 redefined class name=util.MyArrays, count=1
Event: 50.725 Thread 0x000002114378e3f0 redefined class name=util.sortByName, count=2
Event: 50.725 Thread 0x000002114378e3f0 redefined class name=util.MyArrays, count=2

Internal exceptions (0 events):
No events

VM Operations (20 events):
Event: 31.223 Executing VM operation: get/set locals
Event: 31.223 Executing VM operation: get/set locals done
Event: 31.224 Executing VM operation: get/set locals
Event: 31.224 Executing VM operation: get/set locals done
Event: 31.224 Executing VM operation: get/set locals
Event: 31.224 Executing VM operation: get/set locals done
Event: 31.225 Executing VM operation: get/set locals
Event: 31.225 Executing VM operation: get/set locals done
Event: 50.723 Executing VM operation: ChangeSingleStep
Event: 50.723 Executing VM operation: ChangeSingleStep done
Event: 50.723 Executing VM operation: ChangeSingleStep
Event: 50.723 Executing VM operation: ChangeSingleStep done
Event: 50.725 Executing VM operation: RedefineClasses
Event: 50.727 Executing VM operation: RedefineClasses done
Event: 50.727 Executing VM operation: ChangeSingleStep
Event: 50.727 Executing VM operation: ChangeSingleStep done
Event: 50.728 Executing VM operation: get/set locals
Event: 50.728 Executing VM operation: get/set locals done
Event: 50.728 Executing VM operation: ChangeSingleStep
Event: 50.728 Executing VM operation: ChangeSingleStep done

Events (20 events):
Event: 0.209 loading class jdk/internal/reflect/BootstrapConstructorAccessorImpl done
Event: 0.223 loading class java/lang/IllegalStateException
Event: 0.223 loading class java/lang/IllegalStateException done
Event: 0.225 loading class java/lang/Math$RandomNumberGeneratorHolder
Event: 0.225 loading class java/lang/Math$RandomNumberGeneratorHolder done
Event: 0.225 loading class java/util/Random
Event: 0.226 loading class java/util/random/RandomGenerator
Event: 0.226 loading class java/util/random/RandomGenerator done
Event: 0.226 loading class java/util/Random done
Event: 0.226 loading class java/nio/charset/CoderResult
Event: 0.226 loading class java/nio/charset/CoderResult done
Event: 0.227 loading class java/util/Collections$ReverseComparator
Event: 0.227 loading class java/util/Collections$ReverseComparator done
Event: 0.227 loading class java/util/Comparators$NaturalOrderComparator
Event: 0.227 loading class java/util/Comparators$NaturalOrderComparator done
Event: 0.227 loading class java/util/Collections$ReverseComparator2
Event: 0.227 loading class java/util/Collections$ReverseComparator2 done
Event: 0.227 loading class java/lang/StringIndexOutOfBoundsException
Event: 0.227 loading class java/lang/StringIndexOutOfBoundsException done
Event: 5.228 Thread 0x0000021144bdc4c0 Thread exited: 0x0000021144bdc4c0


Dynamic libraries:
0x00007ff784840000 - 0x00007ff78484e000 	D:\JP302\JP302_VietHoang\Setup\eclipse-jee-2021-12-R-win32-x86_64\eclipse\plugins\org.eclipse.justj.openjdk.hotspot.jre.full.win32.x86_64_17.0.1.v20211116-1657\jre\bin\javaw.exe
0x00007ff893790000 - 0x00007ff8939a4000 	C:\WINDOWS\SYSTEM32\ntdll.dll
0x00007ff891e40000 - 0x00007ff891f03000 	C:\WINDOWS\System32\KERNEL32.DLL
0x00007ff891070000 - 0x00007ff89140c000 	C:\WINDOWS\System32\KERNELBASE.dll
0x00007ff890d70000 - 0x00007ff890e81000 	C:\WINDOWS\System32\ucrtbase.dll
0x00007ff881910000 - 0x00007ff881928000 	D:\JP302\JP302_VietHoang\Setup\eclipse-jee-2021-12-R-win32-x86_64\eclipse\plugins\org.eclipse.justj.openjdk.hotspot.jre.full.win32.x86_64_17.0.1.v20211116-1657\jre\bin\jli.dll
0x00007ff883010000 - 0x00007ff883029000 	D:\JP302\JP302_VietHoang\Setup\eclipse-jee-2021-12-R-win32-x86_64\eclipse\plugins\org.eclipse.justj.openjdk.hotspot.jre.full.win32.x86_64_17.0.1.v20211116-1657\jre\bin\VCRUNTIME140.dll
0x00007ff892f70000 - 0x00007ff89311d000 	C:\WINDOWS\System32\USER32.dll
0x00007ff87c000000 - 0x00007ff87c28e000 	C:\WINDOWS\WinSxS\amd64_microsoft.windows.common-controls_6595b64144ccf1df_6.0.22621.608_none_a9444ca7c10bb01d\COMCTL32.dll
0x00007ff890bd0000 - 0x00007ff890bf6000 	C:\WINDOWS\System32\win32u.dll
0x00007ff891b30000 - 0x00007ff891bd7000 	C:\WINDOWS\System32\msvcrt.dll
0x00007ff8922b0000 - 0x00007ff8922d9000 	C:\WINDOWS\System32\GDI32.dll
0x00007ff890e90000 - 0x00007ff890fa3000 	C:\WINDOWS\System32\gdi32full.dll
0x00007ff891410000 - 0x00007ff8914aa000 	C:\WINDOWS\System32\msvcp_win.dll
0x00007ff8915a0000 - 0x00007ff8915d1000 	C:\WINDOWS\System32\IMM32.DLL
0x00007ff88ac30000 - 0x00007ff88ac3c000 	D:\JP302\JP302_VietHoang\Setup\eclipse-jee-2021-12-R-win32-x86_64\eclipse\plugins\org.eclipse.justj.openjdk.hotspot.jre.full.win32.x86_64_17.0.1.v20211116-1657\jre\bin\vcruntime140_1.dll
0x00007ff87a140000 - 0x00007ff87a1d1000 	D:\JP302\JP302_VietHoang\Setup\eclipse-jee-2021-12-R-win32-x86_64\eclipse\plugins\org.eclipse.justj.openjdk.hotspot.jre.full.win32.x86_64_17.0.1.v20211116-1657\jre\bin\msvcp140.dll
0x00007ff856a80000 - 0x00007ff8576c6000 	D:\JP302\JP302_VietHoang\Setup\eclipse-jee-2021-12-R-win32-x86_64\eclipse\plugins\org.eclipse.justj.openjdk.hotspot.jre.full.win32.x86_64_17.0.1.v20211116-1657\jre\bin\server\jvm.dll
0x00007ff891be0000 - 0x00007ff891c8e000 	C:\WINDOWS\System32\ADVAPI32.dll
0x00007ff891c90000 - 0x00007ff891d34000 	C:\WINDOWS\System32\sechost.dll
0x00007ff892ad0000 - 0x00007ff892be5000 	C:\WINDOWS\System32\RPCRT4.dll
0x00007ff8922a0000 - 0x00007ff8922a8000 	C:\WINDOWS\System32\PSAPI.DLL
0x00007ff88bdd0000 - 0x00007ff88bdd9000 	C:\WINDOWS\SYSTEM32\WSOCK32.dll
0x00007ff888c80000 - 0x00007ff888cb4000 	C:\WINDOWS\SYSTEM32\WINMM.dll
0x00007ff888710000 - 0x00007ff88871a000 	C:\WINDOWS\SYSTEM32\VERSION.dll
0x00007ff893250000 - 0x00007ff8932c1000 	C:\WINDOWS\System32\WS2_32.dll
0x00007ff88fc00000 - 0x00007ff88fc18000 	C:\WINDOWS\SYSTEM32\kernel.appcore.dll
0x00007ff88bdc0000 - 0x00007ff88bdca000 	D:\JP302\JP302_VietHoang\Setup\eclipse-jee-2021-12-R-win32-x86_64\eclipse\plugins\org.eclipse.justj.openjdk.hotspot.jre.full.win32.x86_64_17.0.1.v20211116-1657\jre\bin\jimage.dll
0x00007ff88e5d0000 - 0x00007ff88e7fe000 	C:\WINDOWS\SYSTEM32\DBGHELP.DLL
0x00007ff891f10000 - 0x00007ff892299000 	C:\WINDOWS\System32\combase.dll
0x00007ff891a50000 - 0x00007ff891b27000 	C:\WINDOWS\System32\OLEAUT32.dll
0x00007ff8801a0000 - 0x00007ff8801d2000 	C:\WINDOWS\SYSTEM32\dbgcore.DLL
0x00007ff891520000 - 0x00007ff89159b000 	C:\WINDOWS\System32\bcryptPrimitives.dll
0x00007ff881860000 - 0x00007ff88189b000 	D:\JP302\JP302_VietHoang\Setup\eclipse-jee-2021-12-R-win32-x86_64\eclipse\plugins\org.eclipse.justj.openjdk.hotspot.jre.full.win32.x86_64_17.0.1.v20211116-1657\jre\bin\jdwp.dll
0x00007ff8834c0000 - 0x00007ff8834ce000 	D:\JP302\JP302_VietHoang\Setup\eclipse-jee-2021-12-R-win32-x86_64\eclipse\plugins\org.eclipse.justj.openjdk.hotspot.jre.full.win32.x86_64_17.0.1.v20211116-1657\jre\bin\instrument.dll
0x00007ff879090000 - 0x00007ff8790b5000 	D:\JP302\JP302_VietHoang\Setup\eclipse-jee-2021-12-R-win32-x86_64\eclipse\plugins\org.eclipse.justj.openjdk.hotspot.jre.full.win32.x86_64_17.0.1.v20211116-1657\jre\bin\java.dll
0x00007ff879070000 - 0x00007ff879088000 	D:\JP302\JP302_VietHoang\Setup\eclipse-jee-2021-12-R-win32-x86_64\eclipse\plugins\org.eclipse.justj.openjdk.hotspot.jre.full.win32.x86_64_17.0.1.v20211116-1657\jre\bin\zip.dll
0x00007ff8922e0000 - 0x00007ff892ad0000 	C:\WINDOWS\System32\SHELL32.dll
0x00007ff88eb90000 - 0x00007ff88f45e000 	C:\WINDOWS\SYSTEM32\windows.storage.dll
0x00007ff88ea50000 - 0x00007ff88eb8e000 	C:\WINDOWS\SYSTEM32\wintypes.dll
0x00007ff893130000 - 0x00007ff893221000 	C:\WINDOWS\System32\SHCORE.dll
0x00007ff891940000 - 0x00007ff89199e000 	C:\WINDOWS\System32\shlwapi.dll
0x00007ff890b00000 - 0x00007ff890b21000 	C:\WINDOWS\SYSTEM32\profapi.dll
0x00007ff8832e0000 - 0x00007ff8832ec000 	D:\JP302\JP302_VietHoang\Setup\eclipse-jee-2021-12-R-win32-x86_64\eclipse\plugins\org.eclipse.justj.openjdk.hotspot.jre.full.win32.x86_64_17.0.1.v20211116-1657\jre\bin\dt_socket.dll
0x00007ff88f6f0000 - 0x00007ff88f71d000 	C:\WINDOWS\SYSTEM32\IPHLPAPI.DLL
0x00007ff890090000 - 0x00007ff8900f9000 	C:\WINDOWS\system32\mswsock.dll
0x00007ff88f770000 - 0x00007ff88f863000 	C:\WINDOWS\SYSTEM32\DNSAPI.dll
0x00007ff892d90000 - 0x00007ff892d99000 	C:\WINDOWS\System32\NSI.dll
0x00007ff888bd0000 - 0x00007ff888bda000 	C:\Windows\System32\rasadhlp.dll
0x00007ff888670000 - 0x00007ff8886f3000 	C:\WINDOWS\System32\fwpuclnt.dll
0x00007ff871f40000 - 0x00007ff871f59000 	D:\JP302\JP302_VietHoang\Setup\eclipse-jee-2021-12-R-win32-x86_64\eclipse\plugins\org.eclipse.justj.openjdk.hotspot.jre.full.win32.x86_64_17.0.1.v20211116-1657\jre\bin\net.dll
0x00007ff88b7e0000 - 0x00007ff88b90f000 	C:\WINDOWS\SYSTEM32\WINHTTP.dll
0x00007ff871f20000 - 0x00007ff871f35000 	D:\JP302\JP302_VietHoang\Setup\eclipse-jee-2021-12-R-win32-x86_64\eclipse\plugins\org.eclipse.justj.openjdk.hotspot.jre.full.win32.x86_64_17.0.1.v20211116-1657\jre\bin\nio.dll
0x00007ff8823f0000 - 0x00007ff882400000 	D:\JP302\JP302_VietHoang\Setup\eclipse-jee-2021-12-R-win32-x86_64\eclipse\plugins\org.eclipse.justj.openjdk.hotspot.jre.full.win32.x86_64_17.0.1.v20211116-1657\jre\bin\verify.dll

dbghelp: loaded successfully - version: 4.0.5 - missing functions: none
symbol engine: initialized successfully - sym options: 0x614 - pdb path: .;D:\JP302\JP302_VietHoang\Setup\eclipse-jee-2021-12-R-win32-x86_64\eclipse\plugins\org.eclipse.justj.openjdk.hotspot.jre.full.win32.x86_64_17.0.1.v20211116-1657\jre\bin;C:\WINDOWS\SYSTEM32;C:\WINDOWS\WinSxS\amd64_microsoft.windows.common-controls_6595b64144ccf1df_6.0.22621.608_none_a9444ca7c10bb01d;D:\JP302\JP302_VietHoang\Setup\eclipse-jee-2021-12-R-win32-x86_64\eclipse\plugins\org.eclipse.justj.openjdk.hotspot.jre.full.win32.x86_64_17.0.1.v20211116-1657\jre\bin\server

VM Arguments:
jvm_args: -XX:+ShowCodeDetailsInExceptionMessages -agentlib:jdwp=transport=dt_socket,suspend=y,address=localhost:58062 -javaagent:D:\JP302\JP302_VietHoang\Setup\eclipse-jee-2021-12-R-win32-x86_64\eclipse\configuration\org.eclipse.osgi\418\0\.cp\lib\javaagent-shaded.jar -Dfile.encoding=UTF-8 
java_command: util.MyArrays
java_class_path (initial): D:\JP302\JP302_VietHoang\Bulit_2023\jsesystem\build\classes
Launcher Type: SUN_STANDARD

[Global flags]
     intx CICompilerCount                          = 4                                         {product} {ergonomic}
     uint ConcGCThreads                            = 3                                         {product} {ergonomic}
     uint G1ConcRefinementThreads                  = 10                                        {product} {ergonomic}
   size_t G1HeapRegionSize                         = 2097152                                   {product} {ergonomic}
    uintx GCDrainStackTargetSize                   = 64                                        {product} {ergonomic}
   size_t InitialHeapSize                          = 232783872                                 {product} {ergonomic}
   size_t MarkStackSize                            = 4194304                                   {product} {ergonomic}
   size_t MaxHeapSize                              = 3720347648                                {product} {ergonomic}
   size_t MaxNewSize                               = 2231369728                                {product} {ergonomic}
   size_t MinHeapDeltaBytes                        = 2097152                                   {product} {ergonomic}
   size_t MinHeapSize                              = 8388608                                   {product} {ergonomic}
    uintx NonNMethodCodeHeapSize                   = 5839372                                {pd product} {ergonomic}
    uintx NonProfiledCodeHeapSize                  = 122909434                              {pd product} {ergonomic}
    uintx ProfiledCodeHeapSize                     = 122909434                              {pd product} {ergonomic}
    uintx ReservedCodeCacheSize                    = 251658240                              {pd product} {ergonomic}
     bool SegmentedCodeCache                       = true                                      {product} {ergonomic}
     bool ShowCodeDetailsInExceptionMessages       = true                                   {manageable} {command line}
   size_t SoftMaxHeapSize                          = 3720347648                             {manageable} {ergonomic}
     bool UseCompressedClassPointers               = true                           {product lp64_product} {ergonomic}
     bool UseCompressedOops                        = true                           {product lp64_product} {ergonomic}
     bool UseG1GC                                  = true                                      {product} {ergonomic}
     bool UseLargePagesIndividualAllocation        = false                                  {pd product} {ergonomic}

Logging:
Log output configuration:
 #0: stdout all=warning uptime,level,tags
 #1: stderr all=off uptime,level,tags

Environment Variables:
PATH=D:\JP302\JP302_VietHoang\Setup\eclipse-jee-2021-12-R-win32-x86_64\eclipse\plugins\org.eclipse.justj.openjdk.hotspot.jre.full.win32.x86_64_17.0.1.v20211116-1657\jre\bin;D:/JP302/JP302_VietHoang/Setup/eclipse-jee-2021-12-R-win32-x86_64/eclipse//plugins/org.eclipse.justj.openjdk.hotspot.jre.full.win32.x86_64_17.0.1.v20211116-1657/jre/bin/server;D:/JP302/JP302_VietHoang/Setup/eclipse-jee-2021-12-R-win32-x86_64/eclipse//plugins/org.eclipse.justj.openjdk.hotspot.jre.full.win32.x86_64_17.0.1.v20211116-1657/jre/bin;C:\Program Files\Microsoft MPI\Bin\;C:\Program Files\Common Files\Oracle\Java\javapath;C:\WINDOWS\system32;C:\WINDOWS;C:\WINDOWS\System32\Wbem;C:\WINDOWS\System32\WindowsPowerShell\v1.0\;C:\WINDOWS\System32\OpenSSH\;C:\Program Files\mingw32\bin;C:\Program Files (x86)\Calibre2\;C:\Program Files\Git\cmd;C:\Program Files\Azure Data Studio\bin;C:\Program Files\nodejs\;C:\Program Files\dotnet\;C:\Program Files\Docker\Docker\resources\bin;C:\Program Files (x86)\Microsoft SQL Server\160\DTS\Binn\;C:\Program Files (x86)\Microsoft SQL Server\160\Tools\Binn\;C:\Program Files\Microsoft SQL Server\160\Tools\Binn\;C:\Program Files\Microsoft SQL Server\Client SDK\ODBC\170\Tools\Binn\;C:\Program Files\Microsoft SQL Server\160\DTS\Binn\;C:\Program Files (x86)\Rational\common;C:\Program Files\MySQL\MySQL Shell 8.0\bin\;C:\Users\vieth\AppData\Local\Microsoft\WindowsApps;C:\Users\vieth\AppData\Local\Programs\Microsoft VS Code\bin;C:\Users\vieth\AppData\Local\GitHubDesktop\bin;C:\Users\vieth\AppData\Local\Programs\oh-my-posh\bin;C:\Windows\System32;;C:\Program Files\Azure Data Studio\bin;C:\Users\vieth\AppData\Roaming\npm;C:\Program Files\JetBrains\IntelliJ IDEA 2021.2.2\bin;;D:\JP302\JP302_VietHoang\Setup\eclipse-jee-2021-12-R-win32-x86_64\eclipse;
USERNAME=vieth
OS=Windows_NT
PROCESSOR_IDENTIFIER=AMD64 Family 25 Model 80 Stepping 0, AuthenticAMD



---------------  S Y S T E M  ---------------

OS:
 Windows 10 , 64 bit Build 22621 (10.0.22621.1344)
OS uptime: 1 days 7:30 hours
Hyper-V role detected

CPU: total 12 (initial active 12) (12 cores per cpu, 2 threads per core) family 25 model 80 stepping 0 microcode 0x0, cx8, cmov, fxsr, ht, mmx, 3dnowpref, sse, sse2, sse3, ssse3, sse4a, sse4.1, sse4.2, popcnt, lzcnt, tsc, tscinvbit, avx, avx2, aes, erms, clmul, bmi1, bmi2, adx, sha, fma, vzeroupper, clflush, clflushopt, hv

Memory: 4k page, system-wide physical 14188M (6828M free)
TotalPageFile size 19052M (AvailPageFile size 8646M)
current process WorkingSet (physical memory assigned to process): 46M, peak: 50M
current process commit charge ("private bytes"): 312M, peak: 317M

vm_info: OpenJDK 64-Bit Server VM (17.0.1+12) for windows-amd64 JRE (17.0.1+12), built on Oct 20 2021 07:42:55 by "" with MS VC++ 16.7 (VS2019)

END.
